#
# A fatal error has been detected by the Java Runtime Environment:
#
#  EXCEPTION_ACCESS_VIOLATION (0xc0000005) at pc=0x0000000069a18b10, pid=157800, tid=17236
#
# JRE version: Java(TM) SE Runtime Environment (8.0_25-b18) (build 1.8.0_25-b18)
# Java VM: Java HotSpot(TM) 64-Bit Server VM (25.25-b02 mixed mode windows-amd64 compressed oops)
# Problematic frame:
# C  [nvoglv64.DLL+0xa58b10]
#
# Failed to write core dump. Minidumps are not enabled by default on client versions of Windows
#
# If you would like to submit a bug report, please visit:
#   http://bugreport.sun.com/bugreport/crash.jsp
# The crash happened outside the Java Virtual Machine in native code.
# See problematic frame for where to report the bug.
#

---------------  T H R E A D  ---------------

Current thread (0x0000000001cae000):  JavaThread "main" [_thread_in_native, id=17236, stack(0x0000000002430000,0x0000000002530000)]

siginfo: ExceptionCode=0xc0000005, reading address 0x0000000000000000

Registers:
RAX=0x0000000000000000, RBX=0x000000001dcc17a8, RCX=0x000000001ee54774, RDX=0x0000000000000008
RSP=0x000000000252f1c8, RBP=0x000000001b2fa4c0, RSI=0x000000001cbcd04c, RDI=0x0000000000000000
R8 =0x0000000000000010, R9 =0x0000000000000018, R10=0x0000000000000010, R11=0x0000000068fc0000
R12=0x0000000000000017, R13=0x000000000000002f, R14=0x000000000252f260, R15=0x0000000000000000
RIP=0x0000000069a18b10, EFLAGS=0x0000000000010202

Top of Stack: (sp=0x000000000252f1c8)
0x000000000252f1c8:   0000000069b07292 000000001b2fa4c0
0x000000000252f1d8:   000000001b2fa4c0 0000000000000018
0x000000000252f1e8:   000000000252f270 0000000000000000
0x000000000252f1f8:   000000001dcc1428 0000000000000000
0x000000000252f208:   0000000069b07934 000000001dcc17a8
0x000000000252f218:   0000000069a18b00 0000000000000001
0x000000000252f228:   0000000000000000 000000001dcc17a8
0x000000000252f238:   0000000069a18b00 0000000000000000
0x000000000252f248:   000000000252f260 0000000041584ef4
0x000000000252f258:   0000000000000000 000000001ee54774
0x000000000252f268:   000000001b2fa4c0 0000000041584ef4
0x000000000252f278:   10c0000000000000 000000001cbccea0
0x000000000252f288:   0000000018f24320 0000000000001401
0x000000000252f298:   0000000000000004 0000000000000000
0x000000000252f2a8:   0000000012270000 0000000000000018
0x000000000252f2b8:   000000001b2fa4c0 0000000000000024 

Instructions: (pc=0x0000000069a18b10)
0x0000000069a18af0:   41 fc 41 ff c9 75 d9 48 8b c1 c3 cc cc cc cc cc
0x0000000069a18b00:   4d 63 d0 48 83 c2 08 66 0f 1f 84 00 00 00 00 00
0x0000000069a18b10:   8b 42 f8 48 83 c1 10 89 41 f0 8b 42 fc 89 41 f4
0x0000000069a18b20:   8b 02 89 41 f8 8b 42 04 49 03 d2 89 41 fc 41 ff 


Register to memory mapping:

RAX=0x0000000000000000 is an unknown value
RBX=0x000000001dcc17a8 is an unknown value
RCX=0x000000001ee54774 is an unknown value
RDX=0x0000000000000008 is an unknown value
RSP=0x000000000252f1c8 is pointing into the stack for thread: 0x0000000001cae000
RBP=0x000000001b2fa4c0 is an unknown value
RSI=0x000000001cbcd04c is an unknown value
RDI=0x0000000000000000 is an unknown value
R8 =0x0000000000000010 is an unknown value
R9 =0x0000000000000018 is an unknown value
R10=0x0000000000000010 is an unknown value
R11=0x0000000068fc0000 is an unknown value
R12=0x0000000000000017 is an unknown value
R13=0x000000000000002f is an unknown value
R14=0x000000000252f260 is pointing into the stack for thread: 0x0000000001cae000
R15=0x0000000000000000 is an unknown value


Stack: [0x0000000002430000,0x0000000002530000],  sp=0x000000000252f1c8,  free space=1020k
Native frames: (J=compiled Java code, j=interpreted, Vv=VM code, C=native code)
C  [nvoglv64.DLL+0xa58b10]

Java frames: (J=compiled Java code, j=interpreted, Vv=VM code)
j  org.lwjgl.opengl.GL11.nglDrawElements(IIIJJ)V+0
j  org.lwjgl.opengl.GL11.glDrawElements(ILjava/nio/ByteBuffer;)V+34
j  com.misabiko.LWJGLGameEngine.Rendering.OpenGLHandler.render(Lcom/misabiko/LWJGLGameEngine/Rendering/Meshes/Mesh;)V+696
j  com.misabiko.LWJGLGameEngine.Core.Core.run()V+195
j  com.misabiko.LWJGLGameEngine.Core.Core.<init>()V+9
j  com.misabiko.LWJGLGameEngine.Core.Main.main([Ljava/lang/String;)V+3
v  ~StubRoutines::call_stub

---------------  P R O C E S S  ---------------

Java Threads: ( => current thread )
  0x0000000018cc7000 JavaThread "Service Thread" daemon [_thread_blocked, id=35516, stack(0x000000001a8a0000,0x000000001a9a0000)]
  0x0000000018c4f000 JavaThread "C1 CompilerThread3" daemon [_thread_blocked, id=9400, stack(0x000000001a680000,0x000000001a780000)]
  0x0000000018c4d000 JavaThread "C2 CompilerThread2" daemon [_thread_in_native, id=162324, stack(0x0000000019c70000,0x0000000019d70000)]
  0x0000000018c45800 JavaThread "C2 CompilerThread1" daemon [_thread_blocked, id=86716, stack(0x0000000019ec0000,0x0000000019fc0000)]
  0x0000000018c40000 JavaThread "C2 CompilerThread0" daemon [_thread_blocked, id=160524, stack(0x000000001a2e0000,0x000000001a3e0000)]
  0x0000000018c3c800 JavaThread "Attach Listener" daemon [_thread_blocked, id=11332, stack(0x000000001a420000,0x000000001a520000)]
  0x0000000017caf800 JavaThread "Signal Dispatcher" daemon [_thread_blocked, id=159764, stack(0x000000001a1c0000,0x000000001a2c0000)]
  0x0000000017c9a000 JavaThread "Finalizer" daemon [_thread_blocked, id=161556, stack(0x0000000019fe0000,0x000000001a0e0000)]
  0x0000000017c93800 JavaThread "Reference Handler" daemon [_thread_blocked, id=18768, stack(0x0000000019d80000,0x0000000019e80000)]
=>0x0000000001cae000 JavaThread "main" [_thread_in_native, id=17236, stack(0x0000000002430000,0x0000000002530000)]

Other Threads:
  0x0000000018bf2800 VMThread [stack: 0x0000000019b70000,0x0000000019c70000] [id=158204]
  0x0000000018cce800 WatcherThread [stack: 0x000000001aa10000,0x000000001ab10000] [id=7444]

VM state:not at safepoint (normal execution)

VM Mutex/Monitor currently owned by a thread: None

Heap:
 PSYoungGen      total 71680K, used 19660K [0x00000000d5c00000, 0x00000000de800000, 0x0000000100000000)
  eden space 66560K, 21% used [0x00000000d5c00000,0x00000000d6a36b48,0x00000000d9d00000)
  from space 5120K, 99% used [0x00000000d9d00000,0x00000000da1fc780,0x00000000da200000)
  to   space 5120K, 0% used [0x00000000de300000,0x00000000de300000,0x00000000de800000)
 ParOldGen       total 87552K, used 16757K [0x0000000081400000, 0x0000000086980000, 0x00000000d5c00000)
  object space 87552K, 19% used [0x0000000081400000,0x000000008245d6d0,0x0000000086980000)
 Metaspace       used 5902K, capacity 6841K, committed 7040K, reserved 1056768K
  class space    used 568K, capacity 585K, committed 640K, reserved 1048576K

Card table byte_map: [0x0000000011bc0000,0x0000000011fc0000] byte_map_base: 0x00000000117b6000

Marking Bits: (ParMarkBitMap*) 0x0000000051a2d490
 Begin Bits: [0x0000000012f50000, 0x0000000014f00000)
 End Bits:   [0x0000000014f00000, 0x0000000016eb0000)

Polling page: 0x0000000000220000

CodeCache: size=245760Kb used=3315Kb max_used=3315Kb free=242444Kb
 bounds [0x0000000002800000, 0x0000000002b50000, 0x0000000011800000]
 total_blobs=1261 nmethods=849 adapters=326
 compilation: enabled

Compilation events (10 events):
Event: 0.891 Thread 0x0000000018c4f000 nmethod 846 0x0000000002b417d0 code [0x0000000002b41b80, 0x0000000002b43988]
Event: 0.891 Thread 0x0000000018c4f000  847       3       java.lang.Object::equals (11 bytes)
Event: 0.891 Thread 0x0000000018c4f000 nmethod 847 0x0000000002b33990 code [0x0000000002b33ae0, 0x0000000002b33c90]
Event: 0.894 Thread 0x0000000018c4d000  848 %     4       com.misabiko.LWJGLGameEngine.Rendering.Camera::sortFrontToBack @ 36 (133 bytes)
Event: 0.900 Thread 0x0000000018c4f000  849       3       java.util.ArrayList::remove (77 bytes)
Event: 0.900 Thread 0x0000000018c4f000 nmethod 849 0x0000000002b33050 code [0x0000000002b33200, 0x0000000002b33748]
Event: 0.908 Thread 0x0000000018c4f000  850       3       java.util.ArrayList::fastRemove (57 bytes)
Event: 0.909 Thread 0x0000000018c4f000 nmethod 850 0x0000000002b32950 code [0x0000000002b32ac0, 0x0000000002b32ea8]
Event: 0.916 Thread 0x0000000018c4f000  851       3       java.util.zip.ZipFile$ZipFileInflaterInputStream::finalize (5 bytes)
Event: 0.916 Thread 0x0000000018c4f000 nmethod 851 0x0000000002b37ed0 code [0x0000000002b38040, 0x0000000002b381e8]

GC Heap History (6 events):
Event: 0.678 GC heap before
{Heap before GC invocations=1 (full 0):
 PSYoungGen      total 38400K, used 33280K [0x00000000d5c00000, 0x00000000d8680000, 0x0000000100000000)
  eden space 33280K, 100% used [0x00000000d5c00000,0x00000000d7c80000,0x00000000d7c80000)
  from space 5120K, 0% used [0x00000000d8180000,0x00000000d8180000,0x00000000d8680000)
  to   space 5120K, 0% used [0x00000000d7c80000,0x00000000d7c80000,0x00000000d8180000)
 ParOldGen       total 87552K, used 0K [0x0000000081400000, 0x0000000086980000, 0x00000000d5c00000)
  object space 87552K, 0% used [0x0000000081400000,0x0000000081400000,0x0000000086980000)
 Metaspace       used 5587K, capacity 6643K, committed 6784K, reserved 1056768K
  class space    used 542K, capacity 584K, committed 640K, reserved 1048576K
Event: 0.691 GC heap after
Heap after GC invocations=1 (full 0):
 PSYoungGen      total 38400K, used 5088K [0x00000000d5c00000, 0x00000000da700000, 0x0000000100000000)
  eden space 33280K, 0% used [0x00000000d5c00000,0x00000000d5c00000,0x00000000d7c80000)
  from space 5120K, 99% used [0x00000000d7c80000,0x00000000d8178030,0x00000000d8180000)
  to   space 5120K, 0% used [0x00000000da200000,0x00000000da200000,0x00000000da700000)
 ParOldGen       total 87552K, used 10287K [0x0000000081400000, 0x0000000086980000, 0x00000000d5c00000)
  object space 87552K, 11% used [0x0000000081400000,0x0000000081e0bfc0,0x0000000086980000)
 Metaspace       used 5587K, capacity 6643K, committed 6784K, reserved 1056768K
  class space    used 542K, capacity 584K, committed 640K, reserved 1048576K
}
Event: 0.729 GC heap before
{Heap before GC invocations=2 (full 0):
 PSYoungGen      total 38400K, used 38368K [0x00000000d5c00000, 0x00000000da700000, 0x0000000100000000)
  eden space 33280K, 100% used [0x00000000d5c00000,0x00000000d7c80000,0x00000000d7c80000)
  from space 5120K, 99% used [0x00000000d7c80000,0x00000000d8178030,0x00000000d8180000)
  to   space 5120K, 0% used [0x00000000da200000,0x00000000da200000,0x00000000da700000)
 ParOldGen       total 87552K, used 10287K [0x0000000081400000, 0x0000000086980000, 0x00000000d5c00000)
  object space 87552K, 11% used [0x0000000081400000,0x0000000081e0bfc0,0x0000000086980000)
 Metaspace       used 5600K, capacity 6643K, committed 6784K, reserved 1056768K
  class space    used 542K, capacity 584K, committed 640K, reserved 1048576K
Event: 0.735 GC heap after
Heap after GC invocations=2 (full 0):
 PSYoungGen      total 71680K, used 5094K [0x00000000d5c00000, 0x00000000da700000, 0x0000000100000000)
  eden space 66560K, 0% used [0x00000000d5c00000,0x00000000d5c00000,0x00000000d9d00000)
  from space 5120K, 99% used [0x00000000da200000,0x00000000da6f9bc8,0x00000000da700000)
  to   space 5120K, 0% used [0x00000000d9d00000,0x00000000d9d00000,0x00000000da200000)
 ParOldGen       total 87552K, used 12170K [0x0000000081400000, 0x0000000086980000, 0x00000000d5c00000)
  object space 87552K, 13% used [0x0000000081400000,0x0000000081fe2850,0x0000000086980000)
 Metaspace       used 5600K, capacity 6643K, committed 6784K, reserved 1056768K
  class space    used 542K, capacity 584K, committed 640K, reserved 1048576K
}
Event: 0.909 GC heap before
{Heap before GC invocations=3 (full 0):
 PSYoungGen      total 71680K, used 71654K [0x00000000d5c00000, 0x00000000da700000, 0x0000000100000000)
  eden space 66560K, 100% used [0x00000000d5c00000,0x00000000d9d00000,0x00000000d9d00000)
  from space 5120K, 99% used [0x00000000da200000,0x00000000da6f9bc8,0x00000000da700000)
  to   space 5120K, 0% used [0x00000000d9d00000,0x00000000d9d00000,0x00000000da200000)
 ParOldGen       total 87552K, used 12170K [0x0000000081400000, 0x0000000086980000, 0x00000000d5c00000)
  object space 87552K, 13% used [0x0000000081400000,0x0000000081fe2850,0x0000000086980000)
 Metaspace       used 5900K, capacity 6841K, committed 7040K, reserved 1056768K
  class space    used 568K, capacity 585K, committed 640K, reserved 1048576K
Event: 0.915 GC heap after
Heap after GC invocations=3 (full 0):
 PSYoungGen      total 71680K, used 5105K [0x00000000d5c00000, 0x00000000de800000, 0x0000000100000000)
  eden space 66560K, 0% used [0x00000000d5c00000,0x00000000d5c00000,0x00000000d9d00000)
  from space 5120K, 99% used [0x00000000d9d00000,0x00000000da1fc780,0x00000000da200000)
  to   space 5120K, 0% used [0x00000000de300000,0x00000000de300000,0x00000000de800000)
 ParOldGen       total 87552K, used 16757K [0x0000000081400000, 0x0000000086980000, 0x00000000d5c00000)
  object space 87552K, 19% used [0x0000000081400000,0x000000008245d6d0,0x0000000086980000)
 Metaspace       used 5900K, capacity 6841K, committed 7040K, reserved 1056768K
  class space    used 568K, capacity 585K, committed 640K, reserved 1048576K
}

Deoptimization events (5 events):
Event: 0.698 Thread 0x0000000001cae000 Uncommon trap: reason=array_check action=maybe_recompile pc=0x0000000002a838c4 method=java.util.AbstractCollection.toArray([Ljava/lang/Object;)[Ljava/lang/Object; @ 119
Event: 0.698 Thread 0x0000000001cae000 Uncommon trap: reason=array_check action=maybe_recompile pc=0x0000000002a838c4 method=java.util.AbstractCollection.toArray([Ljava/lang/Object;)[Ljava/lang/Object; @ 119
Event: 0.698 Thread 0x0000000001cae000 Uncommon trap: reason=array_check action=maybe_recompile pc=0x0000000002a838c4 method=java.util.AbstractCollection.toArray([Ljava/lang/Object;)[Ljava/lang/Object; @ 119
Event: 0.698 Thread 0x0000000001cae000 Uncommon trap: reason=array_check action=maybe_recompile pc=0x0000000002a838c4 method=java.util.AbstractCollection.toArray([Ljava/lang/Object;)[Ljava/lang/Object; @ 119
Event: 0.810 Thread 0x0000000001cae000 Uncommon trap: reason=unreached action=reinterpret pc=0x0000000002a72dfc method=com.bulletphysics.collision.broadphase.Dbvt.createnode(Lcom/bulletphysics/collision/broadphase/Dbvt;Lcom/bulletphysics/collision/broadphase/Dbvt$Node;Lcom/bulletphysics/collisi

Internal exceptions (10 events):
Event: 0.819 Thread 0x0000000001cae000 Exception <a 'java/security/PrivilegedActionException'> (0x00000000d781c778) thrown at [D:\re\workspace\8-2-build-windows-amd64-cygwin\jdk8u25\1677\hotspot\src\share\vm\prims\jvm.cpp, line 1312]
Event: 0.830 Thread 0x0000000001cae000 Exception <a 'java/security/PrivilegedActionException'> (0x00000000d78e76c0) thrown at [D:\re\workspace\8-2-build-windows-amd64-cygwin\jdk8u25\1677\hotspot\src\share\vm\prims\jvm.cpp, line 1312]
Event: 0.840 Thread 0x0000000001cae000 Exception <a 'java/security/PrivilegedActionException'> (0x00000000d78fc0e0) thrown at [D:\re\workspace\8-2-build-windows-amd64-cygwin\jdk8u25\1677\hotspot\src\share\vm\prims\jvm.cpp, line 1312]
Event: 0.841 Thread 0x0000000001cae000 Exception <a 'java/security/PrivilegedActionException'> (0x00000000d79024b8) thrown at [D:\re\workspace\8-2-build-windows-amd64-cygwin\jdk8u25\1677\hotspot\src\share\vm\prims\jvm.cpp, line 1312]
Event: 0.859 Thread 0x0000000001cae000 Exception <a 'java/security/PrivilegedActionException'> (0x00000000d7a4e190) thrown at [D:\re\workspace\8-2-build-windows-amd64-cygwin\jdk8u25\1677\hotspot\src\share\vm\prims\jvm.cpp, line 1312]
Event: 0.860 Thread 0x0000000001cae000 Exception <a 'java/security/PrivilegedActionException'> (0x00000000d7a50088) thrown at [D:\re\workspace\8-2-build-windows-amd64-cygwin\jdk8u25\1677\hotspot\src\share\vm\prims\jvm.cpp, line 1312]
Event: 0.861 Thread 0x0000000001cae000 Exception <a 'java/security/PrivilegedActionException'> (0x00000000d7a539d0) thrown at [D:\re\workspace\8-2-build-windows-amd64-cygwin\jdk8u25\1677\hotspot\src\share\vm\prims\jvm.cpp, line 1312]
Event: 0.861 Thread 0x0000000001cae000 Exception <a 'java/security/PrivilegedActionException'> (0x00000000d7a597b0) thrown at [D:\re\workspace\8-2-build-windows-amd64-cygwin\jdk8u25\1677\hotspot\src\share\vm\prims\jvm.cpp, line 1312]
Event: 0.861 Thread 0x0000000001cae000 Exception <a 'java/security/PrivilegedActionException'> (0x00000000d7a5c088) thrown at [D:\re\workspace\8-2-build-windows-amd64-cygwin\jdk8u25\1677\hotspot\src\share\vm\prims\jvm.cpp, line 1312]
Event: 0.867 Thread 0x0000000001cae000 Exception <a 'java/security/PrivilegedActionException'> (0x00000000d7c59b30) thrown at [D:\re\workspace\8-2-build-windows-amd64-cygwin\jdk8u25\1677\hotspot\src\share\vm\prims\jvm.cpp, line 1312]

Events (10 events):
Event: 0.861 loading class org/lwjgl/util/vector/ReadableVector4f
Event: 0.861 loading class org/lwjgl/util/vector/ReadableVector4f done
Event: 0.861 loading class org/lwjgl/util/vector/WritableVector4f
Event: 0.861 loading class org/lwjgl/util/vector/WritableVector4f done
Event: 0.867 loading class org/lwjgl/util/vector/Matrix3f
Event: 0.867 loading class org/lwjgl/util/vector/Matrix3f done
Event: 0.868 Executing VM operation: Deoptimize
Event: 0.868 Executing VM operation: Deoptimize done
Event: 0.909 Executing VM operation: ParallelGCFailedAllocation
Event: 0.915 Executing VM operation: ParallelGCFailedAllocation done


Dynamic libraries:
0x000000013fc40000 - 0x000000013fc74000 	C:\Program Files\Java\jre1.8.0_25\bin\javaw.exe
0x00000000778b0000 - 0x0000000077a59000 	C:\Windows\SYSTEM32\ntdll.dll
0x0000000077790000 - 0x00000000778af000 	C:\Windows\system32\kernel32.dll
0x000007fefd760000 - 0x000007fefd7cc000 	C:\Windows\system32\KERNELBASE.dll
0x000007fefdea0000 - 0x000007fefdf7b000 	C:\Windows\system32\ADVAPI32.dll
0x000007fefe450000 - 0x000007fefe4ef000 	C:\Windows\system32\msvcrt.dll
0x000007feffa00000 - 0x000007feffa1f000 	C:\Windows\SYSTEM32\sechost.dll
0x000007fefe560000 - 0x000007fefe68d000 	C:\Windows\system32\RPCRT4.dll
0x0000000077690000 - 0x000000007778a000 	C:\Windows\system32\USER32.dll
0x000007fefe4f0000 - 0x000007fefe557000 	C:\Windows\system32\GDI32.dll
0x000007fefe0f0000 - 0x000007fefe0fe000 	C:\Windows\system32\LPK.dll
0x000007fefe380000 - 0x000007fefe449000 	C:\Windows\system32\USP10.dll
0x000007fefbe10000 - 0x000007fefc004000 	C:\Windows\WinSxS\amd64_microsoft.windows.common-controls_6595b64144ccf1df_6.0.7601.17514_none_fa396087175ac9ac\COMCTL32.dll
0x000007fefde20000 - 0x000007fefde91000 	C:\Windows\system32\SHLWAPI.dll
0x000007feffb90000 - 0x000007feffbbe000 	C:\Windows\system32\IMM32.DLL
0x000007fefe690000 - 0x000007fefe799000 	C:\Windows\system32\MSCTF.dll
0x00000000504d0000 - 0x00000000505a2000 	C:\Program Files\Java\jre1.8.0_25\bin\msvcr100.dll
0x0000000051250000 - 0x0000000051aaa000 	C:\Program Files\Java\jre1.8.0_25\bin\server\jvm.dll
0x000007fee02c0000 - 0x000007fee02c9000 	C:\Windows\system32\WSOCK32.dll
0x000007feffae0000 - 0x000007feffb2d000 	C:\Windows\system32\WS2_32.dll
0x000007feff9f0000 - 0x000007feff9f8000 	C:\Windows\system32\NSI.dll
0x000007fefb320000 - 0x000007fefb35b000 	C:\Windows\system32\WINMM.dll
0x0000000077a80000 - 0x0000000077a87000 	C:\Windows\system32\PSAPI.DLL
0x000000006ef00000 - 0x000000006ef0f000 	C:\Program Files\Java\jre1.8.0_25\bin\verify.dll
0x000000006eed0000 - 0x000000006eef8000 	C:\Program Files\Java\jre1.8.0_25\bin\java.dll
0x000000006eeb0000 - 0x000000006eec6000 	C:\Program Files\Java\jre1.8.0_25\bin\zip.dll
0x000007fefe9d0000 - 0x000007feff758000 	C:\Windows\system32\SHELL32.dll
0x000007fefdb30000 - 0x000007fefdd33000 	C:\Windows\system32\ole32.dll
0x000007fefd6f0000 - 0x000007fefd6ff000 	C:\Windows\system32\profapi.dll
0x0000000180000000 - 0x0000000180051000 	C:\Users\Misabiko\git\LWJGL Game Engine\libs\native\windows\lwjgl64.dll
0x000007fee6240000 - 0x000007fee635d000 	C:\Windows\system32\OPENGL32.dll
0x000007feee230000 - 0x000007feee25d000 	C:\Windows\system32\GLU32.dll
0x000007feec370000 - 0x000007feec461000 	C:\Windows\system32\DDRAW.dll
0x000007fef98c0000 - 0x000007fef98c8000 	C:\Windows\system32\DCIMAN32.dll
0x000007fefe1a0000 - 0x000007fefe377000 	C:\Windows\system32\SETUPAPI.dll
0x000007fefda70000 - 0x000007fefdaa6000 	C:\Windows\system32\CFGMGR32.dll
0x000007fefdd40000 - 0x000007fefde17000 	C:\Windows\system32\OLEAUT32.dll
0x000007fefd980000 - 0x000007fefd99a000 	C:\Windows\system32\DEVOBJ.dll
0x000007fefb880000 - 0x000007fefb898000 	C:\Windows\system32\dwmapi.dll
0x000007fefc770000 - 0x000007fefc77c000 	C:\Windows\system32\VERSION.dll
0x000007fefbd90000 - 0x000007fefbde6000 	C:\Windows\system32\uxtheme.dll
0x0000000068fc0000 - 0x000000006ae06000 	C:\Windows\system32\nvoglv64.DLL
0x000007fefc900000 - 0x000007fefc911000 	C:\Windows\system32\WTSAPI32.dll
0x000007fefd710000 - 0x000007fefd74a000 	C:\Windows\system32\WINTRUST.dll
0x000007fefd800000 - 0x000007fefd96c000 	C:\Windows\system32\CRYPT32.dll
0x000007fefd700000 - 0x000007fefd70f000 	C:\Windows\system32\MSASN1.dll
0x000007fefc740000 - 0x000007fefc76d000 	C:\Windows\system32\ntmarta.dll
0x000007feffb30000 - 0x000007feffb82000 	C:\Windows\system32\WLDAP32.dll
0x000007fefca40000 - 0x000007fefca7d000 	C:\Windows\system32\WINSTA.dll
0x000007fefd590000 - 0x000007fefd59f000 	C:\Windows\system32\CRYPTBASE.dll
0x000007fefa810000 - 0x000007fefa8ac000 	C:\Windows\system32\mscms.dll
0x000007fefd9a0000 - 0x000007fefd9be000 	C:\Windows\system32\USERENV.dll
0x000007fef49e0000 - 0x000007fef4a22000 	C:\Windows\system32\icm32.dll
0x000007fef73c0000 - 0x000007fef74e5000 	C:\Windows\system32\dbghelp.dll

VM Arguments:
jvm_args: -Djava.library.path=C:\Users\Misabiko\git\LWJGL Game Engine\libs\native\windows;C:\Users\Misabiko\git\LWJGL Game Engine\libs\native\windows -Dfile.encoding=Cp1252 
java_command: com.misabiko.LWJGLGameEngine.Core.Main
java_class_path (initial): C:\Users\Misabiko\git\LWJGL Game Engine\bin;C:\Users\Misabiko\git\LWJGL Game Engine\libs\lwjgl.jar;C:\Users\Misabiko\git\LWJGL Game Engine\libs\lwjgl_util.jar;C:\Users\Misabiko\git\LWJGL Game Engine\libs\PNGDecoder.jar;C:\Users\Misabiko\git\LWJGL Game Engine\libs\jbullet.jar;C:\Users\Misabiko\git\LWJGL Game Engine\libs\vecmath.jar
Launcher Type: SUN_STANDARD

Environment Variables:
JAVA_HOME=C:\Program Files (x86)\Java\jre7\
PATH=C:/Program Files/Java/jre1.8.0_25/bin/server;C:/Program Files/Java/jre1.8.0_25/bin;C:/Program Files/Java/jre1.8.0_25/lib/amd64;C:\ProgramData\Oracle\Java\javapath;C:\Program Files (x86)\NVIDIA Corporation\PhysX\Common;C:\Program Files\Common Files\Microsoft Shared\Windows Live;C:\Program Files (x86)\Common Files\Microsoft Shared\Windows Live;C:\Windows\system32;C:\Windows;C:\Windows\System32\Wbem;C:\Windows\System32\WindowsPowerShell\v1.0\;C:\Program Files\Perl\bin\;C:\Program Files\Lua\5.1;C:\Program Files\Lua\5.1\clibs;C:\Users\Misabiko\Documents\Documents\Programming\Java\Apache Ant\apache-ant-1.9.2\bin;C:\Program Files (x86)\Windows Live\Shared;C:\Program Files (x86)\QuickTime\QTSystem\;C:\Program Files (x86)\Git\bin;C:\Program Files (x86)\Git\cmd;C:\Program Files\Git\cmd;C:\Program Files\LOVE;C:\Program Files\Java\jre8\bin;C:\Program Files (x86)\MiKTeX 2.9\miktex\bin\;C:\Users\Misabiko\Documents\Documents\Programming\Java\Eclipse\eclipse;
USERNAME=Misabiko
OS=Windows_NT
PROCESSOR_IDENTIFIER=Intel64 Family 6 Model 45 Stepping 7, GenuineIntel



---------------  S Y S T E M  ---------------

OS: Windows 7 , 64 bit Build 7601 Service Pack 1

CPU:total 8 (4 cores per cpu, 2 threads per core) family 6 model 45 stepping 7, cmov, cx8, fxsr, mmx, sse, sse2, sse3, ssse3, sse4.1, sse4.2, popcnt, avx, aes, clmul, ht, tsc, tscinvbit, tscinv

Memory: 4k page, physical 8302832k(1306568k free), swap 19951184k(4270480k free)

vm_info: Java HotSpot(TM) 64-Bit Server VM (25.25-b02) for windows-amd64 JRE (1.8.0_25-b18), built on Oct  7 2014 14:25:37 by "java_re" with MS VC++ 10.0 (VS2010)

time: Thu Feb 05 22:55:24 2015
elapsed time: 0 seconds (0d 0h 0m 0s)

