#
# A fatal error has been detected by the Java Runtime Environment:
#
#  EXCEPTION_ACCESS_VIOLATION (0xc0000005) at pc=0x0000000069858b10, pid=3788, tid=8128
#
# JRE version: Java(TM) SE Runtime Environment (8.0_25-b18) (build 1.8.0_25-b18)
# Java VM: Java HotSpot(TM) 64-Bit Server VM (25.25-b02 mixed mode windows-amd64 compressed oops)
# Problematic frame:
# C  [nvoglv64.DLL+0xa58b10]
#
# Failed to write core dump. Minidumps are not enabled by default on client versions of Windows
#
# If you would like to submit a bug report, please visit:
#   http://bugreport.sun.com/bugreport/crash.jsp
# The crash happened outside the Java Virtual Machine in native code.
# See problematic frame for where to report the bug.
#

---------------  T H R E A D  ---------------

Current thread (0x0000000001d2e000):  JavaThread "main" [_thread_in_native, id=8128, stack(0x0000000002430000,0x0000000002530000)]

siginfo: ExceptionCode=0xc0000005, reading address 0x0000000000000000

Registers:
RAX=0x0000000000000000, RBX=0x00000000002e7cc8, RCX=0x000000005f8dbc14, RDX=0x0000000000000008
RSP=0x000000000252f028, RBP=0x000000005b69a200, RSI=0x000000005d2f929c, RDI=0x0000000000000002
R8 =0x0000000000000010, R9 =0x0000000000000018, R10=0x0000000000000010, R11=0x0000000068e00000
R12=0x0000000000000000, R13=0x0000000000000005, R14=0x000000000252f0c0, R15=0x0000000000000000
RIP=0x0000000069858b10, EFLAGS=0x0000000000010202

Top of Stack: (sp=0x000000000252f028)
0x000000000252f028:   0000000069947292 0000000000000000
0x000000000252f038:   000000005b69a200 0000000000000018
0x000000000252f048:   000000000252f0d0 0000000000000000
0x000000000252f058:   00000000002e78d8 0000000000000002
0x000000000252f068:   0000000069947934 00000000002e7cc8
0x000000000252f078:   0000000069858b00 0000000000000004
0x000000000252f088:   00000000697b1b0f 00000000002e7cc8
0x000000000252f098:   0000000069858b00 0000000000000002
0x000000000252f0a8:   000000000252f0c0 00000000410bbd94
0x000000000252f0b8:   00000000697adc64 000000005f8dbc14
0x000000000252f0c8:   000000005b69a200 00000000410bbd94
0x000000000252f0d8:   10c0000000000000 000000005b69a200
0x000000000252f0e8:   0000000000000000 0000000000001401
0x000000000252f0f8:   0000000000000004 0000000000000000
0x000000000252f108:   0000000012830000 0000000000000018
0x000000000252f118:   000000005b69a200 0000000000000024 

Instructions: (pc=0x0000000069858b10)
0x0000000069858af0:   41 fc 41 ff c9 75 d9 48 8b c1 c3 cc cc cc cc cc
0x0000000069858b00:   4d 63 d0 48 83 c2 08 66 0f 1f 84 00 00 00 00 00
0x0000000069858b10:   8b 42 f8 48 83 c1 10 89 41 f0 8b 42 fc 89 41 f4
0x0000000069858b20:   8b 02 89 41 f8 8b 42 04 49 03 d2 89 41 fc 41 ff 


Register to memory mapping:

RAX=0x0000000000000000 is an unknown value
RBX=0x00000000002e7cc8 is an unknown value
RCX=0x000000005f8dbc14 is an unknown value
RDX=0x0000000000000008 is an unknown value
RSP=0x000000000252f028 is pointing into the stack for thread: 0x0000000001d2e000
RBP=0x000000005b69a200 is an unknown value
RSI=0x000000005d2f929c is an unknown value
RDI=0x0000000000000002 is an unknown value
R8 =0x0000000000000010 is an unknown value
R9 =0x0000000000000018 is an unknown value
R10=0x0000000000000010 is an unknown value
R11=0x0000000068e00000 is an unknown value
R12=0x0000000000000000 is an unknown value
R13=0x0000000000000005 is an unknown value
R14=0x000000000252f0c0 is pointing into the stack for thread: 0x0000000001d2e000
R15=0x0000000000000000 is an unknown value


Stack: [0x0000000002430000,0x0000000002530000],  sp=0x000000000252f028,  free space=1020k
Native frames: (J=compiled Java code, j=interpreted, Vv=VM code, C=native code)
C  [nvoglv64.DLL+0xa58b10]

Java frames: (J=compiled Java code, j=interpreted, Vv=VM code)
j  org.lwjgl.opengl.GL11.nglDrawElementsBO(IIIJJ)V+0
j  org.lwjgl.opengl.GL11.glDrawElements(IIIJ)V+28
j  com.misabiko.LWJGLGameEngine.Core.OpenGLHandler.render(Lcom/misabiko/LWJGLGameEngine/Meshes/Mesh;Lcom/misabiko/LWJGLGameEngine/Core/Camera;)V+348
j  com.misabiko.LWJGLGameEngine.Core.Core.<init>()V+79
j  com.misabiko.LWJGLGameEngine.Core.Main.main([Ljava/lang/String;)V+3
v  ~StubRoutines::call_stub

---------------  P R O C E S S  ---------------

Java Threads: ( => current thread )
  0x0000000058c17800 JavaThread "Service Thread" daemon [_thread_blocked, id=11244, stack(0x000000005a8f0000,0x000000005a9f0000)]
  0x0000000058ba2000 JavaThread "C1 CompilerThread3" daemon [_thread_blocked, id=1932, stack(0x000000005a790000,0x000000005a890000)]
  0x0000000058ba0000 JavaThread "C2 CompilerThread2" daemon [_thread_blocked, id=9896, stack(0x000000005a690000,0x000000005a790000)]
  0x0000000058b96800 JavaThread "C2 CompilerThread1" daemon [_thread_blocked, id=8620, stack(0x000000005a0f0000,0x000000005a1f0000)]
  0x0000000058b91000 JavaThread "C2 CompilerThread0" daemon [_thread_blocked, id=6576, stack(0x000000005a3f0000,0x000000005a4f0000)]
  0x0000000058b8d800 JavaThread "Attach Listener" daemon [_thread_blocked, id=9708, stack(0x000000005a220000,0x000000005a320000)]
  0x0000000058b8c800 JavaThread "Signal Dispatcher" daemon [_thread_blocked, id=8120, stack(0x0000000059f80000,0x000000005a080000)]
  0x0000000058b42800 JavaThread "Finalizer" daemon [_thread_blocked, id=10688, stack(0x0000000059df0000,0x0000000059ef0000)]
  0x0000000057ad6000 JavaThread "Reference Handler" daemon [_thread_blocked, id=8376, stack(0x0000000059ad0000,0x0000000059bd0000)]
=>0x0000000001d2e000 JavaThread "main" [_thread_in_native, id=8128, stack(0x0000000002430000,0x0000000002530000)]

Other Threads:
  0x0000000001cfe800 VMThread [stack: 0x0000000059c00000,0x0000000059d00000] [id=9628]
  0x0000000058c27800 WatcherThread [stack: 0x000000005aa40000,0x000000005ab40000] [id=6732]

VM state:not at safepoint (normal execution)

VM Mutex/Monitor currently owned by a thread: None

Heap:
 PSYoungGen      total 38400K, used 6022K [0x00000000d5c00000, 0x00000000d8680000, 0x0000000100000000)
  eden space 33280K, 18% used [0x00000000d5c00000,0x00000000d61e1978,0x00000000d7c80000)
  from space 5120K, 0% used [0x00000000d8180000,0x00000000d8180000,0x00000000d8680000)
  to   space 5120K, 0% used [0x00000000d7c80000,0x00000000d7c80000,0x00000000d8180000)
 ParOldGen       total 87552K, used 0K [0x0000000081400000, 0x0000000086980000, 0x00000000d5c00000)
  object space 87552K, 0% used [0x0000000081400000,0x0000000081400000,0x0000000086980000)
 Metaspace       used 4705K, capacity 5691K, committed 5888K, reserved 1056768K
  class space    used 455K, capacity 464K, committed 512K, reserved 1048576K

Card table byte_map: [0x0000000011bc0000,0x0000000011fc0000] byte_map_base: 0x00000000117b6000

Marking Bits: (ParMarkBitMap*) 0x00000000706ed490
 Begin Bits: [0x0000000012d90000, 0x0000000014d40000)
 End Bits:   [0x0000000014d40000, 0x0000000016cf0000)

Polling page: 0x0000000000320000

CodeCache: size=245760Kb used=1685Kb max_used=1685Kb free=244074Kb
 bounds [0x0000000002800000, 0x0000000002a70000, 0x0000000011800000]
 total_blobs=659 nmethods=284 adapters=289
 compilation: enabled

Compilation events (10 events):
Event: 0.540 Thread 0x0000000058b91000 nmethod 278 0x00000000029a39d0 code [0x00000000029a3b00, 0x00000000029a3b78]
Event: 0.542 Thread 0x0000000058ba2000  280       3       java.lang.String::concat (47 bytes)
Event: 0.543 Thread 0x0000000058ba2000 nmethod 280 0x00000000029a43d0 code [0x00000000029a45a0, 0x00000000029a4d38]
Event: 0.543 Thread 0x0000000058ba2000  281       3       java.lang.String::getChars (16 bytes)
Event: 0.543 Thread 0x0000000058ba2000 nmethod 281 0x00000000029a2990 code [0x00000000029a2b00, 0x00000000029a2d08]
Event: 0.544 Thread 0x0000000058ba2000  282       3       org.lwjgl.opengl.GLContext::getCapabilities (20 bytes)
Event: 0.544 Thread 0x0000000058ba2000 nmethod 282 0x00000000029a3bd0 code [0x00000000029a3d60, 0x00000000029a41b8]
Event: 0.544 Thread 0x0000000058ba2000  283       3       org.lwjgl.opengl.GLContext::getCapabilitiesImpl (23 bytes)
Event: 0.545 Thread 0x0000000058ba2000 nmethod 283 0x00000000029a6850 code [0x00000000029a69e0, 0x00000000029a6d08]
Event: 0.545 Thread 0x0000000058ba2000  284       3       org.lwjgl.BufferChecks::checkFunctionAddress (23 bytes)

GC Heap History (0 events):
No events

Deoptimization events (0 events):
No events

Internal exceptions (10 events):
Event: 0.537 Thread 0x0000000001d2e000 Exception <a 'java/security/PrivilegedActionException'> (0x00000000d61abf80) thrown at [D:\re\workspace\8-2-build-windows-amd64-cygwin\jdk8u25\1677\hotspot\src\share\vm\prims\jvm.cpp, line 1312]
Event: 0.538 Thread 0x0000000001d2e000 Exception <a 'java/security/PrivilegedActionException'> (0x00000000d61aeae8) thrown at [D:\re\workspace\8-2-build-windows-amd64-cygwin\jdk8u25\1677\hotspot\src\share\vm\prims\jvm.cpp, line 1312]
Event: 0.538 Thread 0x0000000001d2e000 Exception <a 'java/security/PrivilegedActionException'> (0x00000000d61b1510) thrown at [D:\re\workspace\8-2-build-windows-amd64-cygwin\jdk8u25\1677\hotspot\src\share\vm\prims\jvm.cpp, line 1312]
Event: 0.538 Thread 0x0000000001d2e000 Exception <a 'java/security/PrivilegedActionException'> (0x00000000d61b3f50) thrown at [D:\re\workspace\8-2-build-windows-amd64-cygwin\jdk8u25\1677\hotspot\src\share\vm\prims\jvm.cpp, line 1312]
Event: 0.539 Thread 0x0000000001d2e000 Exception <a 'java/security/PrivilegedActionException'> (0x00000000d61b8670) thrown at [D:\re\workspace\8-2-build-windows-amd64-cygwin\jdk8u25\1677\hotspot\src\share\vm\prims\jvm.cpp, line 1312]
Event: 0.539 Thread 0x0000000001d2e000 Exception <a 'java/security/PrivilegedActionException'> (0x00000000d61ba7f0) thrown at [D:\re\workspace\8-2-build-windows-amd64-cygwin\jdk8u25\1677\hotspot\src\share\vm\prims\jvm.cpp, line 1312]
Event: 0.540 Thread 0x0000000001d2e000 Exception <a 'java/security/PrivilegedActionException'> (0x00000000d61be270) thrown at [D:\re\workspace\8-2-build-windows-amd64-cygwin\jdk8u25\1677\hotspot\src\share\vm\prims\jvm.cpp, line 1312]
Event: 0.541 Thread 0x0000000001d2e000 Exception <a 'java/security/PrivilegedActionException'> (0x00000000d61c0c98) thrown at [D:\re\workspace\8-2-build-windows-amd64-cygwin\jdk8u25\1677\hotspot\src\share\vm\prims\jvm.cpp, line 1312]
Event: 0.542 Thread 0x0000000001d2e000 Exception <a 'java/security/PrivilegedActionException'> (0x00000000d61cbf28) thrown at [D:\re\workspace\8-2-build-windows-amd64-cygwin\jdk8u25\1677\hotspot\src\share\vm\prims\jvm.cpp, line 1312]
Event: 0.544 Thread 0x0000000001d2e000 Exception <a 'java/security/PrivilegedActionException'> (0x00000000d61ce098) thrown at [D:\re\workspace\8-2-build-windows-amd64-cygwin\jdk8u25\1677\hotspot\src\share\vm\prims\jvm.cpp, line 1312]

Events (10 events):
Event: 0.540 loading class org/lwjgl/opengl/StateTracker$VAOState
Event: 0.540 loading class org/lwjgl/opengl/StateTracker$VAOState done
Event: 0.540 loading class java/util/ArrayList$Itr
Event: 0.540 loading class java/util/ArrayList$Itr done
Event: 0.541 loading class org/lwjgl/opengl/GL15
Event: 0.541 loading class org/lwjgl/opengl/GL15 done
Event: 0.542 loading class com/misabiko/LWJGLGameEngine/Physic/Physic
Event: 0.542 loading class com/misabiko/LWJGLGameEngine/Physic/Physic done
Event: 0.544 loading class com/misabiko/LWJGLGameEngine/Utils/Util
Event: 0.544 loading class com/misabiko/LWJGLGameEngine/Utils/Util done


Dynamic libraries:
0x000000013f110000 - 0x000000013f144000 	C:\Program Files\Java\jre1.8.0_25\bin\javaw.exe
0x0000000076e10000 - 0x0000000076fb9000 	C:\Windows\SYSTEM32\ntdll.dll
0x0000000076bf0000 - 0x0000000076d0f000 	C:\Windows\system32\kernel32.dll
0x000007fefcf00000 - 0x000007fefcf6c000 	C:\Windows\system32\KERNELBASE.dll
0x000007fefdb10000 - 0x000007fefdbeb000 	C:\Windows\system32\ADVAPI32.dll
0x000007fefe260000 - 0x000007fefe2ff000 	C:\Windows\system32\msvcrt.dll
0x000007fefdfb0000 - 0x000007fefdfcf000 	C:\Windows\SYSTEM32\sechost.dll
0x000007fefd010000 - 0x000007fefd13d000 	C:\Windows\system32\RPCRT4.dll
0x0000000076d10000 - 0x0000000076e0a000 	C:\Windows\system32\USER32.dll
0x000007fefdbf0000 - 0x000007fefdc57000 	C:\Windows\system32\GDI32.dll
0x000007fefe300000 - 0x000007fefe30e000 	C:\Windows\system32\LPK.dll
0x000007fefd650000 - 0x000007fefd719000 	C:\Windows\system32\USP10.dll
0x000007fefb7b0000 - 0x000007fefb9a4000 	C:\Windows\WinSxS\amd64_microsoft.windows.common-controls_6595b64144ccf1df_6.0.7601.17514_none_fa396087175ac9ac\COMCTL32.dll
0x000007fefd160000 - 0x000007fefd1d1000 	C:\Windows\system32\SHLWAPI.dll
0x000007feff0f0000 - 0x000007feff11e000 	C:\Windows\system32\IMM32.DLL
0x000007fefdc60000 - 0x000007fefdd69000 	C:\Windows\system32\MSCTF.dll
0x0000000078980000 - 0x0000000078a52000 	C:\Program Files\Java\jre1.8.0_25\bin\msvcr100.dll
0x000000006ff10000 - 0x000000007076a000 	C:\Program Files\Java\jre1.8.0_25\bin\server\jvm.dll
0x000007fef5b30000 - 0x000007fef5b39000 	C:\Windows\system32\WSOCK32.dll
0x000007feff0a0000 - 0x000007feff0ed000 	C:\Windows\system32\WS2_32.dll
0x000007fefdd70000 - 0x000007fefdd78000 	C:\Windows\system32\NSI.dll
0x000007fefa9b0000 - 0x000007fefa9eb000 	C:\Windows\system32\WINMM.dll
0x0000000076fe0000 - 0x0000000076fe7000 	C:\Windows\system32\PSAPI.DLL
0x00000000747a0000 - 0x00000000747af000 	C:\Program Files\Java\jre1.8.0_25\bin\verify.dll
0x00000000725f0000 - 0x0000000072618000 	C:\Program Files\Java\jre1.8.0_25\bin\java.dll
0x00000000725d0000 - 0x00000000725e6000 	C:\Program Files\Java\jre1.8.0_25\bin\zip.dll
0x000007fefe310000 - 0x000007feff098000 	C:\Windows\system32\SHELL32.dll
0x000007fefd2c0000 - 0x000007fefd4c3000 	C:\Windows\system32\ole32.dll
0x000007fefcc50000 - 0x000007fefcc5f000 	C:\Windows\system32\profapi.dll
0x0000000180000000 - 0x0000000180051000 	C:\Users\Misabiko\git\LWJGL Game Engine\libs\native\windows\lwjgl64.dll
0x000007fef0540000 - 0x000007fef065d000 	C:\Windows\system32\OPENGL32.dll
0x000007fef1ec0000 - 0x000007fef1eed000 	C:\Windows\system32\GLU32.dll
0x000007fee4700000 - 0x000007fee47f1000 	C:\Windows\system32\DDRAW.dll
0x000007fef5930000 - 0x000007fef5938000 	C:\Windows\system32\DCIMAN32.dll
0x000007fefd930000 - 0x000007fefdb07000 	C:\Windows\system32\SETUPAPI.dll
0x000007fefcc90000 - 0x000007fefccc6000 	C:\Windows\system32\CFGMGR32.dll
0x000007fefd570000 - 0x000007fefd647000 	C:\Windows\system32\OLEAUT32.dll
0x000007fefcc70000 - 0x000007fefcc8a000 	C:\Windows\system32\DEVOBJ.dll
0x000007fefadc0000 - 0x000007fefadd8000 	C:\Windows\system32\dwmapi.dll
0x000007fefbcd0000 - 0x000007fefbcdc000 	C:\Windows\system32\VERSION.dll
0x000007fefb1a0000 - 0x000007fefb1f6000 	C:\Windows\system32\uxtheme.dll
0x0000000068e00000 - 0x000000006ac46000 	C:\Windows\system32\nvoglv64.DLL
0x000007fefbe50000 - 0x000007fefbe61000 	C:\Windows\system32\WTSAPI32.dll
0x000007fefccf0000 - 0x000007fefcd2a000 	C:\Windows\system32\WINTRUST.dll
0x000007fefcd60000 - 0x000007fefcecc000 	C:\Windows\system32\CRYPT32.dll
0x000007fefcc60000 - 0x000007fefcc6f000 	C:\Windows\system32\MSASN1.dll
0x000007fefbca0000 - 0x000007fefbccd000 	C:\Windows\system32\ntmarta.dll
0x000007fefd1e0000 - 0x000007fefd232000 	C:\Windows\system32\WLDAP32.dll
0x000007fefc470000 - 0x000007fefc4ad000 	C:\Windows\system32\WINSTA.dll
0x000007fefcaf0000 - 0x000007fefcaff000 	C:\Windows\system32\CRYPTBASE.dll
0x000007fefa030000 - 0x000007fefa0cc000 	C:\Windows\system32\mscms.dll
0x000007fefcd40000 - 0x000007fefcd5e000 	C:\Windows\system32\USERENV.dll
0x000007fef1e70000 - 0x000007fef1eb2000 	C:\Windows\system32\icm32.dll
0x000000006c020000 - 0x000000006c1b8000 	C:\Program Files\Java\jre1.8.0_25\bin\awt.dll
0x000007fef44a0000 - 0x000007fef45c5000 	C:\Windows\system32\dbghelp.dll

VM Arguments:
jvm_args: -Djava.library.path=C:\Users\Misabiko\git\LWJGL Game Engine\libs\native\windows;C:\Users\Misabiko\git\LWJGL Game Engine\libs\native\windows -Dfile.encoding=Cp1252 
java_command: com.misabiko.LWJGLGameEngine.Core.Main
java_class_path (initial): C:\Users\Misabiko\git\LWJGL Game Engine\bin;C:\Users\Misabiko\git\LWJGL Game Engine\libs\lwjgl.jar;C:\Users\Misabiko\git\LWJGL Game Engine\libs\lwjgl_util.jar;C:\Users\Misabiko\git\LWJGL Game Engine\libs\PNGDecoder.jar
Launcher Type: SUN_STANDARD

Environment Variables:
JAVA_HOME=C:\Program Files (x86)\Java\jre7\
PATH=C:/Program Files/Java/jre1.8.0_25/bin/server;C:/Program Files/Java/jre1.8.0_25/bin;C:/Program Files/Java/jre1.8.0_25/lib/amd64;C:\ProgramData\Oracle\Java\javapath;C:\Program Files (x86)\NVIDIA Corporation\PhysX\Common;C:\Program Files\Common Files\Microsoft Shared\Windows Live;C:\Program Files (x86)\Common Files\Microsoft Shared\Windows Live;C:\Windows\system32;C:\Windows;C:\Windows\System32\Wbem;C:\Windows\System32\WindowsPowerShell\v1.0\;C:\Program Files\Perl\bin\;C:\Program Files\Lua\5.1;C:\Program Files\Lua\5.1\clibs;C:\Users\Misabiko\Documents\Documents\Programming\Java\Apache Ant\apache-ant-1.9.2\bin;C:\Program Files (x86)\Windows Live\Shared;C:\Program Files (x86)\QuickTime\QTSystem\;C:\Program Files (x86)\Git\bin;C:\Program Files (x86)\Git\cmd;C:\Program Files\Git\cmd;C:\Program Files\LOVE;C:\Program Files\Java\jre8\bin;C:\Program Files (x86)\MiKTeX 2.9\miktex\bin\;C:\Users\Misabiko\Documents\Documents\Programming\Java\Eclipse\eclipse;
USERNAME=Misabiko
OS=Windows_NT
PROCESSOR_IDENTIFIER=Intel64 Family 6 Model 45 Stepping 7, GenuineIntel



---------------  S Y S T E M  ---------------

OS: Windows 7 , 64 bit Build 7601 Service Pack 1

CPU:total 8 (4 cores per cpu, 2 threads per core) family 6 model 45 stepping 7, cmov, cx8, fxsr, mmx, sse, sse2, sse3, ssse3, sse4.1, sse4.2, popcnt, avx, aes, clmul, ht, tsc, tscinvbit, tscinv

Memory: 4k page, physical 8302832k(1310172k free), swap 16603800k(6778496k free)

vm_info: Java HotSpot(TM) 64-Bit Server VM (25.25-b02) for windows-amd64 JRE (1.8.0_25-b18), built on Oct  7 2014 14:25:37 by "java_re" with MS VC++ 10.0 (VS2010)

time: Sat Nov 08 19:05:36 2014
elapsed time: 0 seconds (0d 0h 0m 0s)

