#
# A fatal error has been detected by the Java Runtime Environment:
#
#  EXCEPTION_ACCESS_VIOLATION (0xc0000005) at pc=0x5971dba7, pid=7012, tid=5904
#
# JRE version: Java(TM) SE Runtime Environment (8.0_20-b26) (build 1.8.0_20-b26)
# Java VM: Java HotSpot(TM) Client VM (25.20-b23 mixed mode windows-x86 )
# Problematic frame:
# C  [ig7icd32.dll+0x16dba7]
#
# Failed to write core dump. Minidumps are not enabled by default on client versions of Windows
#
# If you would like to submit a bug report, please visit:
#   http://bugreport.sun.com/bugreport/crash.jsp
# The crash happened outside the Java Virtual Machine in native code.
# See problematic frame for where to report the bug.
#

---------------  T H R E A D  ---------------

Current thread (0x026abc00):  JavaThread "main" [_thread_in_native, id=5904, stack(0x00aa0000,0x00af0000)]

siginfo: ExceptionCode=0xc0000005, reading address 0x000039f4

Registers:
EAX=0x000039f4, EBX=0x1797c36c, ECX=0x00001903, EDX=0x00000010
ESP=0x00aef4d0, EBP=0x00000000, ESI=0x17ce4f90, EDI=0x169abd2c
EIP=0x5971dba7, EFLAGS=0x00010212

Top of Stack: (sp=0x00aef4d0)
0x00aef4d0:   00aef56c 026abc00 14cdd540 14cdd540
0x00aef4e0:   1797338c 156d0050 00000014 1797c330
0x00aef4f0:   00000014 00000000 00000000 17cdcaa8
0x00aef500:   00000006 00000008 00000001 1797c330
0x00aef510:   156d0070 59701f9f 00aef501 00000000
0x00aef520:   1541ab2e 000004a2 00000de1 0299aca3
0x00aef530:   026abd38 00aef574 000004a2 00000de1
0x00aef540:   598714c0 00000000 0299aa96 00aef54c 

Instructions: (pc=0x5971dba7)
0x5971db87:   bc b9 b0 2a 00 00 8b 6c 24 28 05 f4 00 00 00 ba
0x5971db97:   10 00 00 00 2b f8 8d 49 00 8b 8c 38 f4 00 00 00
0x5971dba7:   3b 08 75 0d 83 ea 04 83 c0 04 83 fa 04 73 ea eb
0x5971dbb7:   05 c6 44 24 4c 01 8b 4c 24 2c 8b 41 08 8b 54 24 


Register to memory mapping:

EAX=0x000039f4 is an unknown value
EBX=0x1797c36c is an unknown value
ECX=0x00001903 is an unknown value
EDX=0x00000010 is an unknown value
ESP=0x00aef4d0 is pointing into the stack for thread: 0x026abc00
EBP=0x00000000 is an unknown value
ESI=0x17ce4f90 is an unknown value
EDI=0x169abd2c is an unknown value


Stack: [0x00aa0000,0x00af0000],  sp=0x00aef4d0,  free space=317k
Native frames: (J=compiled Java code, j=interpreted, Vv=VM code, C=native code)
C  [ig7icd32.dll+0x16dba7]

Java frames: (J=compiled Java code, j=interpreted, Vv=VM code)
j  org.lwjgl.opengl.GL20.nglUniform1i(IIJ)V+0
j  org.lwjgl.opengl.GL20.glUniform1i(II)V+16
j  com.misabiko.LWJGLGameEngine.Rendering.OpenGLHandler.render(Lcom/misabiko/LWJGLGameEngine/GameObjects/GameObject;)V+591
J 184% C1 com.misabiko.LWJGLGameEngine.Core.Core.run()V (253 bytes) @ 0x02aa9514 [0x02aa9220+0x2f4]
j  com.misabiko.LWJGLGameEngine.Core.Core.<init>()V+9
j  com.misabiko.LWJGLGameEngine.Core.Main.main([Ljava/lang/String;)V+3
v  ~StubRoutines::call_stub

---------------  P R O C E S S  ---------------

Java Threads: ( => current thread )
  0x14e9dc00 JavaThread "Service Thread" daemon [_thread_blocked, id=6768, stack(0x15330000,0x15380000)]
  0x14e8e000 JavaThread "C1 CompilerThread0" daemon [_thread_blocked, id=3796, stack(0x152a0000,0x152f0000)]
  0x14e8d000 JavaThread "Attach Listener" daemon [_thread_blocked, id=2656, stack(0x15210000,0x15260000)]
  0x14e8b000 JavaThread "Signal Dispatcher" daemon [_thread_blocked, id=6408, stack(0x15180000,0x151d0000)]
  0x14e64c00 JavaThread "Finalizer" daemon [_thread_blocked, id=6820, stack(0x150f0000,0x15140000)]
  0x14e60400 JavaThread "Reference Handler" daemon [_thread_blocked, id=7452, stack(0x15060000,0x150b0000)]
=>0x026abc00 JavaThread "main" [_thread_in_native, id=5904, stack(0x00aa0000,0x00af0000)]

Other Threads:
  0x00f3a800 VMThread [stack: 0x02620000,0x02670000] [id=5312]
  0x14eac000 WatcherThread [stack: 0x153c0000,0x15410000] [id=828]

VM state:not at safepoint (normal execution)

VM Mutex/Monitor currently owned by a thread: None

Heap:
 def new generation   total 4928K, used 4442K [0x04a00000, 0x04f50000, 0x09f50000)
  eden space 4416K,  88% used [0x04a00000, 0x04dd68c0, 0x04e50000)
  from space 512K,  99% used [0x04e50000, 0x04ecfff0, 0x04ed0000)
  to   space 512K,   0% used [0x04ed0000, 0x04ed0000, 0x04f50000)
 tenured generation   total 10944K, used 8217K [0x09f50000, 0x0aa00000, 0x14a00000)
   the space 10944K,  75% used [0x09f50000, 0x0a756468, 0x0a756600, 0x0aa00000)
 Metaspace       used 3531K, capacity 3733K, committed 3776K, reserved 4480K

Card table byte_map: [0x02590000,0x02620000] byte_map_base: 0x0256b000

Polling page: 0x009a0000

CodeCache: size=32768Kb used=1137Kb max_used=1137Kb free=31630Kb
 bounds [0x02990000, 0x02ab0000, 0x04990000]
 total_blobs=429 nmethods=185 adapters=176
 compilation: enabled

Compilation events (10 events):
Event: 5.566 Thread 0x14e8e000  181   !         org.lwjgl.opengl.Display::isCreated (17 bytes)
Event: 5.566 Thread 0x14e8e000 nmethod 181 0x02aa8288 code [0x02aa8380, 0x02aa8500]
Event: 5.566 Thread 0x14e8e000  182   !         org.lwjgl.opengl.Display::isCloseRequested (38 bytes)
Event: 5.566 Thread 0x14e8e000 nmethod 182 0x02aa8588 code [0x02aa86b0, 0x02aa8a4c]
Event: 5.566 Thread 0x14e8e000  183             org.lwjgl.opengl.WindowsDisplay::isCloseRequested (12 bytes)
Event: 5.566 Thread 0x14e8e000 nmethod 183 0x02aa8c88 code [0x02aa8d80, 0x02aa8e00]
Event: 5.569 Thread 0x14e8e000  184 %           com.misabiko.LWJGLGameEngine.Core.Core::run @ 19 (253 bytes)
Event: 5.573 Thread 0x14e8e000 nmethod 184% 0x02aa8e48 code [0x02aa9220, 0x02aaa300]
Event: 5.623 Thread 0x14e8e000  185             java.lang.String::equalsIgnoreCase (48 bytes)
Event: 5.623 Thread 0x14e8e000 nmethod 185 0x02aac2c8 code [0x02aac3d0, 0x02aac4dc]

GC Heap History (10 events):
Event: 5.299 GC heap before
{Heap before GC invocations=9 (full 0):
 def new generation   total 4928K, used 4853K [0x04a00000, 0x04f50000, 0x09f50000)
  eden space 4416K, 100% used [0x04a00000, 0x04e50000, 0x04e50000)
  from space 512K,  85% used [0x04ed0000, 0x04f3d638, 0x04f50000)
  to   space 512K,   0% used [0x04e50000, 0x04e50000, 0x04ed0000)
 tenured generation   total 10944K, used 3587K [0x09f50000, 0x0aa00000, 0x14a00000)
   the space 10944K,  32% used [0x09f50000, 0x0a2d0c30, 0x0a2d0e00, 0x0aa00000)
 Metaspace       used 3456K, capacity 3637K, committed 3648K, reserved 4480K
Event: 5.303 GC heap after
Heap after GC invocations=10 (full 0):
 def new generation   total 4928K, used 511K [0x04a00000, 0x04f50000, 0x09f50000)
  eden space 4416K,   0% used [0x04a00000, 0x04a00000, 0x04e50000)
  from space 512K,  99% used [0x04e50000, 0x04ecfff8, 0x04ed0000)
  to   space 512K,   0% used [0x04ed0000, 0x04ed0000, 0x04f50000)
 tenured generation   total 10944K, used 3977K [0x09f50000, 0x0aa00000, 0x14a00000)
   the space 10944K,  36% used [0x09f50000, 0x0a332428, 0x0a332600, 0x0aa00000)
 Metaspace       used 3456K, capacity 3637K, committed 3648K, reserved 4480K
}
Event: 5.312 GC heap before
{Heap before GC invocations=10 (full 0):
 def new generation   total 4928K, used 4927K [0x04a00000, 0x04f50000, 0x09f50000)
  eden space 4416K, 100% used [0x04a00000, 0x04e50000, 0x04e50000)
  from space 512K,  99% used [0x04e50000, 0x04ecfff8, 0x04ed0000)
  to   space 512K,   0% used [0x04ed0000, 0x04ed0000, 0x04f50000)
 tenured generation   total 10944K, used 3977K [0x09f50000, 0x0aa00000, 0x14a00000)
   the space 10944K,  36% used [0x09f50000, 0x0a332428, 0x0a332600, 0x0aa00000)
 Metaspace       used 3456K, capacity 3637K, committed 3648K, reserved 4480K
Event: 5.315 GC heap after
Heap after GC invocations=11 (full 0):
 def new generation   total 4928K, used 227K [0x04a00000, 0x04f50000, 0x09f50000)
  eden space 4416K,   0% used [0x04a00000, 0x04a00000, 0x04e50000)
  from space 512K,  44% used [0x04ed0000, 0x04f08f50, 0x04f50000)
  to   space 512K,   0% used [0x04e50000, 0x04e50000, 0x04ed0000)
 tenured generation   total 10944K, used 4487K [0x09f50000, 0x0aa00000, 0x14a00000)
   the space 10944K,  41% used [0x09f50000, 0x0a3b1f58, 0x0a3b2000, 0x0aa00000)
 Metaspace       used 3456K, capacity 3637K, committed 3648K, reserved 4480K
}
Event: 5.324 GC heap before
{Heap before GC invocations=11 (full 0):
 def new generation   total 4928K, used 4643K [0x04a00000, 0x04f50000, 0x09f50000)
  eden space 4416K, 100% used [0x04a00000, 0x04e50000, 0x04e50000)
  from space 512K,  44% used [0x04ed0000, 0x04f08f50, 0x04f50000)
  to   space 512K,   0% used [0x04e50000, 0x04e50000, 0x04ed0000)
 tenured generation   total 10944K, used 4487K [0x09f50000, 0x0aa00000, 0x14a00000)
   the space 10944K,  41% used [0x09f50000, 0x0a3b1f58, 0x0a3b2000, 0x0aa00000)
 Metaspace       used 3456K, capacity 3637K, committed 3648K, reserved 4480K
Event: 5.327 GC heap after
Heap after GC invocations=12 (full 0):
 def new generation   total 4928K, used 449K [0x04a00000, 0x04f50000, 0x09f50000)
  eden space 4416K,   0% used [0x04a00000, 0x04a00000, 0x04e50000)
  from space 512K,  87% used [0x04e50000, 0x04ec0730, 0x04ed0000)
  to   space 512K,   0% used [0x04ed0000, 0x04ed0000, 0x04f50000)
 tenured generation   total 10944K, used 4487K [0x09f50000, 0x0aa00000, 0x14a00000)
   the space 10944K,  41% used [0x09f50000, 0x0a3b1f58, 0x0a3b2000, 0x0aa00000)
 Metaspace       used 3456K, capacity 3637K, committed 3648K, reserved 4480K
}
Event: 5.335 GC heap before
{Heap before GC invocations=12 (full 0):
 def new generation   total 4928K, used 4865K [0x04a00000, 0x04f50000, 0x09f50000)
  eden space 4416K, 100% used [0x04a00000, 0x04e50000, 0x04e50000)
  from space 512K,  87% used [0x04e50000, 0x04ec0730, 0x04ed0000)
  to   space 512K,   0% used [0x04ed0000, 0x04ed0000, 0x04f50000)
 tenured generation   total 10944K, used 4487K [0x09f50000, 0x0aa00000, 0x14a00000)
   the space 10944K,  41% used [0x09f50000, 0x0a3b1f58, 0x0a3b2000, 0x0aa00000)
 Metaspace       used 3456K, capacity 3637K, committed 3648K, reserved 4480K
Event: 5.339 GC heap after
Heap after GC invocations=13 (full 0):
 def new generation   total 4928K, used 465K [0x04a00000, 0x04f50000, 0x09f50000)
  eden space 4416K,   0% used [0x04a00000, 0x04a00000, 0x04e50000)
  from space 512K,  90% used [0x04ed0000, 0x04f44418, 0x04f50000)
  to   space 512K,   0% used [0x04e50000, 0x04e50000, 0x04ed0000)
 tenured generation   total 10944K, used 4715K [0x09f50000, 0x0aa00000, 0x14a00000)
   the space 10944K,  43% used [0x09f50000, 0x0a3eada8, 0x0a3eae00, 0x0aa00000)
 Metaspace       used 3456K, capacity 3637K, committed 3648K, reserved 4480K
}
Event: 5.391 GC heap before
{Heap before GC invocations=13 (full 0):
 def new generation   total 4928K, used 4881K [0x04a00000, 0x04f50000, 0x09f50000)
  eden space 4416K, 100% used [0x04a00000, 0x04e50000, 0x04e50000)
  from space 512K,  90% used [0x04ed0000, 0x04f44418, 0x04f50000)
  to   space 512K,   0% used [0x04e50000, 0x04e50000, 0x04ed0000)
 tenured generation   total 10944K, used 4715K [0x09f50000, 0x0aa00000, 0x14a00000)
   the space 10944K,  43% used [0x09f50000, 0x0a3eada8, 0x0a3eae00, 0x0aa00000)
 Metaspace       used 3461K, capacity 3637K, committed 3648K, reserved 4480K
Event: 5.405 GC heap after
Heap after GC invocations=14 (full 0):
 def new generation   total 4928K, used 511K [0x04a00000, 0x04f50000, 0x09f50000)
  eden space 4416K,   0% used [0x04a00000, 0x04a00000, 0x04e50000)
  from space 512K,  99% used [0x04e50000, 0x04ecfff0, 0x04ed0000)
  to   space 512K,   0% used [0x04ed0000, 0x04ed0000, 0x04f50000)
 tenured generation   total 10944K, used 8217K [0x09f50000, 0x0aa00000, 0x14a00000)
   the space 10944K,  75% used [0x09f50000, 0x0a756468, 0x0a756600, 0x0aa00000)
 Metaspace       used 3461K, capacity 3637K, committed 3648K, reserved 4480K
}

Deoptimization events (0 events):
No events

Internal exceptions (10 events):
Event: 5.619 Thread 0x026abc00 Exception <a 'java/security/PrivilegedActionException'> (0x04d98720) thrown at [D:\re\workspace\8-2-build-windows-i586-cygwin\jdk8u20\1074\hotspot\src\share\vm\prims\jvm.cpp, line 1275]
Event: 5.621 Thread 0x026abc00 Exception <a 'java/security/PrivilegedActionException'> (0x04d9c470) thrown at [D:\re\workspace\8-2-build-windows-i586-cygwin\jdk8u20\1074\hotspot\src\share\vm\prims\jvm.cpp, line 1275]
Event: 5.623 Thread 0x026abc00 Exception <a 'java/security/PrivilegedActionException'> (0x04da01d0) thrown at [D:\re\workspace\8-2-build-windows-i586-cygwin\jdk8u20\1074\hotspot\src\share\vm\prims\jvm.cpp, line 1275]
Event: 5.625 Thread 0x026abc00 Exception <a 'java/security/PrivilegedActionException'> (0x04da3968) thrown at [D:\re\workspace\8-2-build-windows-i586-cygwin\jdk8u20\1074\hotspot\src\share\vm\prims\jvm.cpp, line 1275]
Event: 5.628 Thread 0x026abc00 Exception <a 'java/security/PrivilegedActionException'> (0x04da6c08) thrown at [D:\re\workspace\8-2-build-windows-i586-cygwin\jdk8u20\1074\hotspot\src\share\vm\prims\jvm.cpp, line 1275]
Event: 5.630 Thread 0x026abc00 Exception <a 'java/security/PrivilegedActionException'> (0x04da9ed0) thrown at [D:\re\workspace\8-2-build-windows-i586-cygwin\jdk8u20\1074\hotspot\src\share\vm\prims\jvm.cpp, line 1275]
Event: 5.632 Thread 0x026abc00 Exception <a 'java/security/PrivilegedActionException'> (0x04dad3b8) thrown at [D:\re\workspace\8-2-build-windows-i586-cygwin\jdk8u20\1074\hotspot\src\share\vm\prims\jvm.cpp, line 1275]
Event: 5.635 Thread 0x026abc00 Exception <a 'java/security/PrivilegedActionException'> (0x04db5fd8) thrown at [D:\re\workspace\8-2-build-windows-i586-cygwin\jdk8u20\1074\hotspot\src\share\vm\prims\jvm.cpp, line 1275]
Event: 5.639 Thread 0x026abc00 Exception <a 'java/security/PrivilegedActionException'> (0x04dbca80) thrown at [D:\re\workspace\8-2-build-windows-i586-cygwin\jdk8u20\1074\hotspot\src\share\vm\prims\jvm.cpp, line 1275]
Event: 5.662 Thread 0x026abc00 Exception <a 'java/security/PrivilegedActionException'> (0x04dbfbf0) thrown at [D:\re\workspace\8-2-build-windows-i586-cygwin\jdk8u20\1074\hotspot\src\share\vm\prims\jvm.cpp, line 1275]

Events (10 events):
Event: 5.630 loading class com/bulletphysics/collision/dispatch/UnionFind$Element
Event: 5.630 loading class com/bulletphysics/collision/dispatch/UnionFind$Element done
Event: 5.632 loading class com/bulletphysics/linearmath/TransformUtil
Event: 5.632 loading class com/bulletphysics/linearmath/TransformUtil done
Event: 5.635 loading class com/bulletphysics/linearmath/QuaternionUtil
Event: 5.635 loading class com/bulletphysics/linearmath/QuaternionUtil done
Event: 5.639 loading class com/misabiko/LWJGLGameEngine/Utilities/Util
Event: 5.639 loading class com/misabiko/LWJGLGameEngine/Utilities/Util done
Event: 5.662 loading class org/lwjgl/util/vector/Matrix3f
Event: 5.662 loading class org/lwjgl/util/vector/Matrix3f done


Dynamic libraries:
0x00f50000 - 0x00f80000 	E:\Coding\Java\jdk1.8.0_20\bin\javaw.exe
0x76fd0000 - 0x77127000 	C:\windows\SYSTEM32\ntdll.dll
0x76090000 - 0x761c0000 	C:\windows\SYSTEM32\KERNEL32.DLL
0x764b0000 - 0x76557000 	C:\windows\SYSTEM32\KERNELBASE.dll
0x766e0000 - 0x7678e000 	C:\windows\SYSTEM32\ADVAPI32.dll
0x75da0000 - 0x75eb6000 	C:\windows\SYSTEM32\USER32.dll
0x70340000 - 0x70538000 	C:\windows\WinSxS\x86_microsoft.windows.common-controls_6595b64144ccf1df_6.0.9200.16579_none_8937eec6860750f5\COMCTL32.dll
0x759e0000 - 0x75a91000 	C:\windows\SYSTEM32\msvcrt.dll
0x75b90000 - 0x75bc4000 	C:\windows\SYSTEM32\sechost.dll
0x75ee0000 - 0x75f8c000 	C:\windows\SYSTEM32\RPCRT4.dll
0x75f90000 - 0x7608d000 	C:\windows\SYSTEM32\GDI32.dll
0x745c0000 - 0x745dd000 	C:\windows\SYSTEM32\SspiCli.dll
0x745b0000 - 0x745b9000 	C:\windows\SYSTEM32\CRYPTBASE.dll
0x74550000 - 0x745a1000 	C:\windows\SYSTEM32\bcryptPrimitives.dll
0x75b20000 - 0x75b40000 	C:\windows\system32\IMM32.DLL
0x74680000 - 0x7475e000 	C:\windows\SYSTEM32\MSCTF.dll
0x5ea60000 - 0x5eb1f000 	E:\Coding\Java\jdk1.8.0_20\jre\bin\msvcr100.dll
0x5de80000 - 0x5e222000 	E:\Coding\Java\jdk1.8.0_20\jre\bin\client\jvm.dll
0x741e0000 - 0x741e8000 	C:\windows\SYSTEM32\WSOCK32.dll
0x730b0000 - 0x730d1000 	C:\windows\SYSTEM32\WINMM.dll
0x76920000 - 0x76926000 	C:\windows\SYSTEM32\PSAPI.DLL
0x76690000 - 0x766e0000 	C:\windows\SYSTEM32\WS2_32.dll
0x71e40000 - 0x71e6b000 	C:\windows\SYSTEM32\WINMMBASE.dll
0x761c0000 - 0x761c8000 	C:\windows\SYSTEM32\NSI.dll
0x761d0000 - 0x76216000 	C:\windows\SYSTEM32\cfgmgr32.dll
0x75aa0000 - 0x75abe000 	C:\windows\SYSTEM32\DEVOBJ.dll
0x6d030000 - 0x6d03c000 	E:\Coding\Java\jdk1.8.0_20\jre\bin\verify.dll
0x6d000000 - 0x6d021000 	E:\Coding\Java\jdk1.8.0_20\jre\bin\java.dll
0x5ea40000 - 0x5ea53000 	E:\Coding\Java\jdk1.8.0_20\jre\bin\zip.dll
0x74910000 - 0x759d6000 	C:\windows\SYSTEM32\SHELL32.dll
0x75bd0000 - 0x75d06000 	C:\windows\SYSTEM32\combase.dll
0x76470000 - 0x764b0000 	C:\windows\SYSTEM32\SHLWAPI.dll
0x71dc0000 - 0x71e33000 	C:\windows\SYSTEM32\SHCORE.dll
0x74760000 - 0x74771000 	C:\windows\SYSTEM32\profapi.dll
0x15410000 - 0x1545d000 	E:\Coding\eclipse\git\LWJGL-Game-Engine\libs\native\windows\lwjgl.dll
0x5e4e0000 - 0x5e5ae000 	C:\windows\SYSTEM32\OPENGL32.dll
0x741d0000 - 0x741d8000 	C:\windows\SYSTEM32\VERSION.dll
0x6fa80000 - 0x6faa3000 	C:\windows\SYSTEM32\GLU32.dll
0x5e400000 - 0x5e4d9000 	C:\windows\SYSTEM32\DDRAW.dll
0x70660000 - 0x70667000 	C:\windows\SYSTEM32\DCIMAN32.dll
0x6f120000 - 0x6f1a8000 	C:\windows\system32\uxtheme.dll
0x6f1e0000 - 0x6f1fa000 	C:\windows\SYSTEM32\dwmapi.dll
0x595b0000 - 0x59dd1000 	C:\windows\SYSTEM32\ig7icd32.dll
0x76cf0000 - 0x76e09000 	C:\windows\system32\ole32.dll
0x66620000 - 0x6669c000 	C:\windows\SYSTEM32\mscms.dll
0x76790000 - 0x767ab000 	C:\windows\SYSTEM32\USERENV.dll
0x6fa40000 - 0x6fa7b000 	C:\windows\SYSTEM32\icm32.dll
0x714a0000 - 0x715c9000 	C:\windows\SYSTEM32\dbghelp.dll

VM Arguments:
jvm_args: -Djava.library.path=E:\Coding\eclipse\git\LWJGL-Game-Engine\libs\native\windows;E:\Coding\eclipse\git\LWJGL-Game-Engine\libs\native\windows -Dfile.encoding=Cp1252 
java_command: com.misabiko.LWJGLGameEngine.Core.Main
java_class_path (initial): E:\Coding\eclipse\git\LWJGL-Game-Engine\bin;E:\Coding\eclipse\git\LWJGL-Game-Engine\libs\lwjgl.jar;E:\Coding\eclipse\git\LWJGL-Game-Engine\libs\lwjgl_util.jar;E:\Coding\eclipse\git\LWJGL-Game-Engine\libs\PNGDecoder.jar;E:\Coding\eclipse\git\LWJGL-Game-Engine\libs\jbullet.jar;E:\Coding\eclipse\git\LWJGL-Game-Engine\libs\vecmath.jar
Launcher Type: SUN_STANDARD

Environment Variables:
PATH=C:\Program Files (x86)\Intel\iCLS Client\;C:\Program Files\Intel\iCLS Client\;C:\windows\system32;C:\windows;C:\windows\System32\Wbem;C:\windows\System32\WindowsPowerShell\v1.0\;C:\Program Files\Intel\Intel(R) Management Engine Components\DAL;C:\Program Files\Intel\Intel(R) Management Engine Components\IPT;C:\Program Files (x86)\Intel\Intel(R) Management Engine Components\DAL;C:\Program Files (x86)\Intel\Intel(R) Management Engine Components\IPT;C:\Program Files (x86)\Intel\OpenCL SDK\2.0\bin\x86;C:\Program Files (x86)\Intel\OpenCL SDK\2.0\bin\x64
USERNAME=édith
OS=Windows_NT
PROCESSOR_IDENTIFIER=Intel64 Family 6 Model 58 Stepping 9, GenuineIntel



---------------  S Y S T E M  ---------------

OS: Windows 8 , 64 bit Build 9200 

CPU:total 2 (2 cores per cpu, 1 threads per core) family 6 model 58 stepping 9, cmov, cx8, fxsr, mmx, sse, sse2, sse3, ssse3, sse4.1, sse4.2, popcnt, clmul, erms, tsc, tscinvbit, tscinv

Memory: 4k page, physical 6171868k(3099480k free), swap 7154908k(3381252k free)

vm_info: Java HotSpot(TM) Client VM (25.20-b23) for windows-x86 JRE (1.8.0_20-b26), built on Jul 30 2014 18:14:41 by "java_re" with MS VC++ 10.0 (VS2010)

time: Thu Jan 22 14:55:53 2015
elapsed time: 5 seconds (0d 0h 0m 5s)

