#
# A fatal error has been detected by the Java Runtime Environment:
#
#  EXCEPTION_ACCESS_VIOLATION (0xc0000005) at pc=0x0000000069a08b10, pid=16180, tid=18764
#
# JRE version: Java(TM) SE Runtime Environment (8.0_25-b18) (build 1.8.0_25-b18)
# Java VM: Java HotSpot(TM) 64-Bit Server VM (25.25-b02 mixed mode windows-amd64 compressed oops)
# Problematic frame:
# C  [nvoglv64.DLL+0xa58b10]
#
# Failed to write core dump. Minidumps are not enabled by default on client versions of Windows
#
# If you would like to submit a bug report, please visit:
#   http://bugreport.sun.com/bugreport/crash.jsp
# The crash happened outside the Java Virtual Machine in native code.
# See problematic frame for where to report the bug.
#

---------------  T H R E A D  ---------------

Current thread (0x0000000001d9e000):  JavaThread "main" [_thread_in_native, id=18764, stack(0x00000000021e0000,0x00000000022e0000)]

siginfo: ExceptionCode=0xc0000005, reading address 0x0000000000000000

Registers:
RAX=0x0000000000000000, RBX=0x000000001df54ba8, RCX=0x000000001f604774, RDX=0x0000000000000008
RSP=0x00000000022dece8, RBP=0x000000001b3871b0, RSI=0x000000001cc6d04c, RDI=0x0000000000000000
R8 =0x0000000000000010, R9 =0x0000000000000018, R10=0x0000000000000010, R11=0x0000000068fb0000
R12=0x0000000000000017, R13=0x000000000000002f, R14=0x00000000022ded80, R15=0x0000000000000000
RIP=0x0000000069a08b10, EFLAGS=0x0000000000010202

Top of Stack: (sp=0x00000000022dece8)
0x00000000022dece8:   0000000069af7292 000000001b3871b0
0x00000000022decf8:   000000001b3871b0 0000000000000018
0x00000000022ded08:   00000000022ded90 0000000000000000
0x00000000022ded18:   000000001df54828 0000000000000000
0x00000000022ded28:   0000000069af7934 000000001df54ba8
0x00000000022ded38:   0000000069a08b00 0000000000000001
0x00000000022ded48:   0000000000000000 000000001df54ba8
0x00000000022ded58:   0000000069a08b00 0000000000000000
0x00000000022ded68:   00000000022ded80 0000000041584ef4
0x00000000022ded78:   0000000000000000 000000001f604774
0x00000000022ded88:   000000001b3871b0 0000000041584ef4
0x00000000022ded98:   10c0000000000000 000000001cc6cea0
0x00000000022deda8:   000000001d5728a0 0000000000001401
0x00000000022dedb8:   0000000000000004 0000000000000000
0x00000000022dedc8:   0000000019ac0000 0000000000000018
0x00000000022dedd8:   000000001b3871b0 0000000000000024 

Instructions: (pc=0x0000000069a08b10)
0x0000000069a08af0:   41 fc 41 ff c9 75 d9 48 8b c1 c3 cc cc cc cc cc
0x0000000069a08b00:   4d 63 d0 48 83 c2 08 66 0f 1f 84 00 00 00 00 00
0x0000000069a08b10:   8b 42 f8 48 83 c1 10 89 41 f0 8b 42 fc 89 41 f4
0x0000000069a08b20:   8b 02 89 41 f8 8b 42 04 49 03 d2 89 41 fc 41 ff 


Register to memory mapping:

RAX=0x0000000000000000 is an unknown value
RBX=0x000000001df54ba8 is an unknown value
RCX=0x000000001f604774 is an unknown value
RDX=0x0000000000000008 is an unknown value
RSP=0x00000000022dece8 is pointing into the stack for thread: 0x0000000001d9e000
RBP=0x000000001b3871b0 is an unknown value
RSI=0x000000001cc6d04c is an unknown value
RDI=0x0000000000000000 is an unknown value
R8 =0x0000000000000010 is an unknown value
R9 =0x0000000000000018 is an unknown value
R10=0x0000000000000010 is an unknown value
R11=0x0000000068fb0000 is an unknown value
R12=0x0000000000000017 is an unknown value
R13=0x000000000000002f is an unknown value
R14=0x00000000022ded80 is pointing into the stack for thread: 0x0000000001d9e000
R15=0x0000000000000000 is an unknown value


Stack: [0x00000000021e0000,0x00000000022e0000],  sp=0x00000000022dece8,  free space=1019k
Native frames: (J=compiled Java code, j=interpreted, Vv=VM code, C=native code)
C  [nvoglv64.DLL+0xa58b10]

Java frames: (J=compiled Java code, j=interpreted, Vv=VM code)
j  org.lwjgl.opengl.GL11.nglDrawElements(IIIJJ)V+0
j  org.lwjgl.opengl.GL11.glDrawElements(ILjava/nio/ByteBuffer;)V+34
j  com.misabiko.LWJGLGameEngine.Rendering.OpenGLHandler.render(Lcom/misabiko/LWJGLGameEngine/Rendering/Meshes/Mesh;)V+713
j  com.misabiko.LWJGLGameEngine.Core.Core.run()V+195
j  com.misabiko.LWJGLGameEngine.Core.Core.<init>()V+9
j  com.misabiko.LWJGLGameEngine.Core.Main.main([Ljava/lang/String;)V+3
v  ~StubRoutines::call_stub

---------------  P R O C E S S  ---------------

Java Threads: ( => current thread )
  0x0000000018c4d800 JavaThread "Service Thread" daemon [_thread_blocked, id=17888, stack(0x000000001a850000,0x000000001a950000)]
  0x0000000018be2000 JavaThread "C1 CompilerThread3" daemon [_thread_blocked, id=95460, stack(0x000000001a420000,0x000000001a520000)]
  0x0000000018bd0000 JavaThread "C2 CompilerThread2" daemon [_thread_blocked, id=10420, stack(0x0000000019ca0000,0x0000000019da0000)]
  0x0000000018bc8800 JavaThread "C2 CompilerThread1" daemon [_thread_blocked, id=161056, stack(0x000000001a6b0000,0x000000001a7b0000)]
  0x0000000018bc1000 JavaThread "C2 CompilerThread0" daemon [_thread_blocked, id=95020, stack(0x000000001a580000,0x000000001a680000)]
  0x0000000018bbd800 JavaThread "Attach Listener" daemon [_thread_blocked, id=9400, stack(0x000000001a320000,0x000000001a420000)]
  0x0000000018bbc800 JavaThread "Signal Dispatcher" daemon [_thread_blocked, id=17452, stack(0x000000001a170000,0x000000001a270000)]
  0x0000000017b0c000 JavaThread "Finalizer" daemon [_thread_blocked, id=14068, stack(0x0000000019f30000,0x000000001a030000)]
  0x0000000017b05800 JavaThread "Reference Handler" daemon [_thread_blocked, id=10876, stack(0x0000000019da0000,0x0000000019ea0000)]
=>0x0000000001d9e000 JavaThread "main" [_thread_in_native, id=18764, stack(0x00000000021e0000,0x00000000022e0000)]

Other Threads:
  0x0000000018b72800 VMThread [stack: 0x0000000019b70000,0x0000000019c70000] [id=10816]
  0x0000000018c51800 WatcherThread [stack: 0x000000001aaa0000,0x000000001aba0000] [id=11276]

VM state:not at safepoint (normal execution)

VM Mutex/Monitor currently owned by a thread: None

Heap:
 PSYoungGen      total 71680K, used 21004K [0x00000000d5c00000, 0x00000000de800000, 0x0000000100000000)
  eden space 66560K, 23% used [0x00000000d5c00000,0x00000000d6b8aae0,0x00000000d9d00000)
  from space 5120K, 99% used [0x00000000d9d00000,0x00000000da1f8790,0x00000000da200000)
  to   space 5120K, 0% used [0x00000000de300000,0x00000000de300000,0x00000000de800000)
 ParOldGen       total 87552K, used 16848K [0x0000000081400000, 0x0000000086980000, 0x00000000d5c00000)
  object space 87552K, 19% used [0x0000000081400000,0x0000000082474390,0x0000000086980000)
 Metaspace       used 5914K, capacity 6841K, committed 7040K, reserved 1056768K
  class space    used 568K, capacity 585K, committed 640K, reserved 1048576K

Card table byte_map: [0x0000000011ad0000,0x0000000011ed0000] byte_map_base: 0x00000000116c6000

Marking Bits: (ParMarkBitMap*) 0x0000000051a2d490
 Begin Bits: [0x0000000012dc0000, 0x0000000014d70000)
 End Bits:   [0x0000000014d70000, 0x0000000016d20000)

Polling page: 0x0000000000420000

CodeCache: size=245760Kb used=3323Kb max_used=3338Kb free=242436Kb
 bounds [0x0000000002710000, 0x0000000002a60000, 0x0000000011710000]
 total_blobs=1267 nmethods=855 adapters=326
 compilation: enabled

Compilation events (10 events):
Event: 0.911 Thread 0x0000000018be2000  852       3       java.lang.Object::equals (11 bytes)
Event: 0.911 Thread 0x0000000018be2000 nmethod 852 0x0000000002a42390 code [0x0000000002a424e0, 0x0000000002a42690]
Event: 0.913 Thread 0x0000000018bd0000 nmethod 810 0x0000000002a46f10 code [0x0000000002a47160, 0x0000000002a48850]
Event: 0.914 Thread 0x0000000018bc8800  853 %     4       com.misabiko.LWJGLGameEngine.Rendering.Camera::sortFrontToBack @ 36 (133 bytes)
Event: 0.920 Thread 0x0000000018be2000  854       3       java.util.ArrayList::remove (77 bytes)
Event: 0.920 Thread 0x0000000018be2000 nmethod 854 0x0000000002a45950 code [0x0000000002a45b00, 0x0000000002a46048]
Event: 0.928 Thread 0x0000000018be2000  855       3       java.util.ArrayList::fastRemove (57 bytes)
Event: 0.929 Thread 0x0000000018be2000 nmethod 855 0x0000000002a43fd0 code [0x0000000002a44140, 0x0000000002a44528]
Event: 0.936 Thread 0x0000000018be2000  856       3       java.util.zip.ZipFile$ZipFileInflaterInputStream::finalize (5 bytes)
Event: 0.936 Thread 0x0000000018be2000 nmethod 856 0x0000000002a43c10 code [0x0000000002a43d80, 0x0000000002a43f28]

GC Heap History (6 events):
Event: 0.674 GC heap before
{Heap before GC invocations=1 (full 0):
 PSYoungGen      total 38400K, used 33280K [0x00000000d5c00000, 0x00000000d8680000, 0x0000000100000000)
  eden space 33280K, 100% used [0x00000000d5c00000,0x00000000d7c80000,0x00000000d7c80000)
  from space 5120K, 0% used [0x00000000d8180000,0x00000000d8180000,0x00000000d8680000)
  to   space 5120K, 0% used [0x00000000d7c80000,0x00000000d7c80000,0x00000000d8180000)
 ParOldGen       total 87552K, used 0K [0x0000000081400000, 0x0000000086980000, 0x00000000d5c00000)
  object space 87552K, 0% used [0x0000000081400000,0x0000000081400000,0x0000000086980000)
 Metaspace       used 5595K, capacity 6643K, committed 6784K, reserved 1056768K
  class space    used 542K, capacity 584K, committed 640K, reserved 1048576K
Event: 0.685 GC heap after
Heap after GC invocations=1 (full 0):
 PSYoungGen      total 38400K, used 5088K [0x00000000d5c00000, 0x00000000da700000, 0x0000000100000000)
  eden space 33280K, 0% used [0x00000000d5c00000,0x00000000d5c00000,0x00000000d7c80000)
  from space 5120K, 99% used [0x00000000d7c80000,0x00000000d8178010,0x00000000d8180000)
  to   space 5120K, 0% used [0x00000000da200000,0x00000000da200000,0x00000000da700000)
 ParOldGen       total 87552K, used 10241K [0x0000000081400000, 0x0000000086980000, 0x00000000d5c00000)
  object space 87552K, 11% used [0x0000000081400000,0x0000000081e00730,0x0000000086980000)
 Metaspace       used 5595K, capacity 6643K, committed 6784K, reserved 1056768K
  class space    used 542K, capacity 584K, committed 640K, reserved 1048576K
}
Event: 0.736 GC heap before
{Heap before GC invocations=2 (full 0):
 PSYoungGen      total 38400K, used 38368K [0x00000000d5c00000, 0x00000000da700000, 0x0000000100000000)
  eden space 33280K, 100% used [0x00000000d5c00000,0x00000000d7c80000,0x00000000d7c80000)
  from space 5120K, 99% used [0x00000000d7c80000,0x00000000d8178010,0x00000000d8180000)
  to   space 5120K, 0% used [0x00000000da200000,0x00000000da200000,0x00000000da700000)
 ParOldGen       total 87552K, used 10241K [0x0000000081400000, 0x0000000086980000, 0x00000000d5c00000)
  object space 87552K, 11% used [0x0000000081400000,0x0000000081e00730,0x0000000086980000)
 Metaspace       used 5608K, capacity 6643K, committed 6784K, reserved 1056768K
  class space    used 542K, capacity 584K, committed 640K, reserved 1048576K
Event: 0.744 GC heap after
Heap after GC invocations=2 (full 0):
 PSYoungGen      total 71680K, used 5117K [0x00000000d5c00000, 0x00000000da700000, 0x0000000100000000)
  eden space 66560K, 0% used [0x00000000d5c00000,0x00000000d5c00000,0x00000000d9d00000)
  from space 5120K, 99% used [0x00000000da200000,0x00000000da6ff790,0x00000000da700000)
  to   space 5120K, 0% used [0x00000000d9d00000,0x00000000d9d00000,0x00000000da200000)
 ParOldGen       total 87552K, used 12112K [0x0000000081400000, 0x0000000086980000, 0x00000000d5c00000)
  object space 87552K, 13% used [0x0000000081400000,0x0000000081fd42d8,0x0000000086980000)
 Metaspace       used 5608K, capacity 6643K, committed 6784K, reserved 1056768K
  class space    used 542K, capacity 584K, committed 640K, reserved 1048576K
}
Event: 0.930 GC heap before
{Heap before GC invocations=3 (full 0):
 PSYoungGen      total 71680K, used 71677K [0x00000000d5c00000, 0x00000000da700000, 0x0000000100000000)
  eden space 66560K, 100% used [0x00000000d5c00000,0x00000000d9d00000,0x00000000d9d00000)
  from space 5120K, 99% used [0x00000000da200000,0x00000000da6ff790,0x00000000da700000)
  to   space 5120K, 0% used [0x00000000d9d00000,0x00000000d9d00000,0x00000000da200000)
 ParOldGen       total 87552K, used 12112K [0x0000000081400000, 0x0000000086980000, 0x00000000d5c00000)
  object space 87552K, 13% used [0x0000000081400000,0x0000000081fd42d8,0x0000000086980000)
 Metaspace       used 5912K, capacity 6841K, committed 7040K, reserved 1056768K
  class space    used 568K, capacity 585K, committed 640K, reserved 1048576K
Event: 0.936 GC heap after
Heap after GC invocations=3 (full 0):
 PSYoungGen      total 71680K, used 5089K [0x00000000d5c00000, 0x00000000de800000, 0x0000000100000000)
  eden space 66560K, 0% used [0x00000000d5c00000,0x00000000d5c00000,0x00000000d9d00000)
  from space 5120K, 99% used [0x00000000d9d00000,0x00000000da1f8790,0x00000000da200000)
  to   space 5120K, 0% used [0x00000000de300000,0x00000000de300000,0x00000000de800000)
 ParOldGen       total 87552K, used 16848K [0x0000000081400000, 0x0000000086980000, 0x00000000d5c00000)
  object space 87552K, 19% used [0x0000000081400000,0x0000000082474390,0x0000000086980000)
 Metaspace       used 5912K, capacity 6841K, committed 7040K, reserved 1056768K
  class space    used 568K, capacity 585K, committed 640K, reserved 1048576K
}

Deoptimization events (5 events):
Event: 0.691 Thread 0x0000000001d9e000 Uncommon trap: reason=array_check action=maybe_recompile pc=0x0000000002998600 method=java.util.AbstractCollection.toArray([Ljava/lang/Object;)[Ljava/lang/Object; @ 119
Event: 0.691 Thread 0x0000000001d9e000 Uncommon trap: reason=array_check action=maybe_recompile pc=0x0000000002998600 method=java.util.AbstractCollection.toArray([Ljava/lang/Object;)[Ljava/lang/Object; @ 119
Event: 0.691 Thread 0x0000000001d9e000 Uncommon trap: reason=array_check action=maybe_recompile pc=0x0000000002998600 method=java.util.AbstractCollection.toArray([Ljava/lang/Object;)[Ljava/lang/Object; @ 119
Event: 0.691 Thread 0x0000000001d9e000 Uncommon trap: reason=array_check action=maybe_recompile pc=0x0000000002998600 method=java.util.AbstractCollection.toArray([Ljava/lang/Object;)[Ljava/lang/Object; @ 119
Event: 0.825 Thread 0x0000000001d9e000 Uncommon trap: reason=unreached action=reinterpret pc=0x000000000298c9f8 method=com.bulletphysics.collision.broadphase.Dbvt.createnode(Lcom/bulletphysics/collision/broadphase/Dbvt;Lcom/bulletphysics/collision/broadphase/Dbvt$Node;Lcom/bulletphysics/collisi

Internal exceptions (10 events):
Event: 0.833 Thread 0x0000000001d9e000 Exception <a 'java/security/PrivilegedActionException'> (0x00000000d781c6e0) thrown at [D:\re\workspace\8-2-build-windows-amd64-cygwin\jdk8u25\1677\hotspot\src\share\vm\prims\jvm.cpp, line 1312]
Event: 0.843 Thread 0x0000000001d9e000 Exception <a 'java/security/PrivilegedActionException'> (0x00000000d78e7628) thrown at [D:\re\workspace\8-2-build-windows-amd64-cygwin\jdk8u25\1677\hotspot\src\share\vm\prims\jvm.cpp, line 1312]
Event: 0.853 Thread 0x0000000001d9e000 Exception <a 'java/security/PrivilegedActionException'> (0x00000000d78fc158) thrown at [D:\re\workspace\8-2-build-windows-amd64-cygwin\jdk8u25\1677\hotspot\src\share\vm\prims\jvm.cpp, line 1312]
Event: 0.853 Thread 0x0000000001d9e000 Exception <a 'java/security/PrivilegedActionException'> (0x00000000d7902530) thrown at [D:\re\workspace\8-2-build-windows-amd64-cygwin\jdk8u25\1677\hotspot\src\share\vm\prims\jvm.cpp, line 1312]
Event: 0.875 Thread 0x0000000001d9e000 Exception <a 'java/security/PrivilegedActionException'> (0x00000000d7a4e200) thrown at [D:\re\workspace\8-2-build-windows-amd64-cygwin\jdk8u25\1677\hotspot\src\share\vm\prims\jvm.cpp, line 1312]
Event: 0.876 Thread 0x0000000001d9e000 Exception <a 'java/security/PrivilegedActionException'> (0x00000000d7a500f8) thrown at [D:\re\workspace\8-2-build-windows-amd64-cygwin\jdk8u25\1677\hotspot\src\share\vm\prims\jvm.cpp, line 1312]
Event: 0.876 Thread 0x0000000001d9e000 Exception <a 'java/security/PrivilegedActionException'> (0x00000000d7a53a40) thrown at [D:\re\workspace\8-2-build-windows-amd64-cygwin\jdk8u25\1677\hotspot\src\share\vm\prims\jvm.cpp, line 1312]
Event: 0.877 Thread 0x0000000001d9e000 Exception <a 'java/security/PrivilegedActionException'> (0x00000000d7a59820) thrown at [D:\re\workspace\8-2-build-windows-amd64-cygwin\jdk8u25\1677\hotspot\src\share\vm\prims\jvm.cpp, line 1312]
Event: 0.877 Thread 0x0000000001d9e000 Exception <a 'java/security/PrivilegedActionException'> (0x00000000d7a5c0f8) thrown at [D:\re\workspace\8-2-build-windows-amd64-cygwin\jdk8u25\1677\hotspot\src\share\vm\prims\jvm.cpp, line 1312]
Event: 0.884 Thread 0x0000000001d9e000 Exception <a 'java/security/PrivilegedActionException'> (0x00000000d7c59ba8) thrown at [D:\re\workspace\8-2-build-windows-amd64-cygwin\jdk8u25\1677\hotspot\src\share\vm\prims\jvm.cpp, line 1312]

Events (10 events):
Event: 0.877 loading class org/lwjgl/util/vector/ReadableVector4f
Event: 0.877 loading class org/lwjgl/util/vector/ReadableVector4f done
Event: 0.877 loading class org/lwjgl/util/vector/WritableVector4f
Event: 0.877 loading class org/lwjgl/util/vector/WritableVector4f done
Event: 0.884 loading class org/lwjgl/util/vector/Matrix3f
Event: 0.884 loading class org/lwjgl/util/vector/Matrix3f done
Event: 0.885 Executing VM operation: Deoptimize
Event: 0.885 Executing VM operation: Deoptimize done
Event: 0.930 Executing VM operation: ParallelGCFailedAllocation
Event: 0.936 Executing VM operation: ParallelGCFailedAllocation done


Dynamic libraries:
0x000000013ff30000 - 0x000000013ff64000 	C:\Program Files\Java\jre1.8.0_25\bin\javaw.exe
0x00000000778b0000 - 0x0000000077a59000 	C:\Windows\SYSTEM32\ntdll.dll
0x0000000077790000 - 0x00000000778af000 	C:\Windows\system32\kernel32.dll
0x000007fefd760000 - 0x000007fefd7cc000 	C:\Windows\system32\KERNELBASE.dll
0x000007fefdea0000 - 0x000007fefdf7b000 	C:\Windows\system32\ADVAPI32.dll
0x000007fefe450000 - 0x000007fefe4ef000 	C:\Windows\system32\msvcrt.dll
0x000007feffa00000 - 0x000007feffa1f000 	C:\Windows\SYSTEM32\sechost.dll
0x000007fefe560000 - 0x000007fefe68d000 	C:\Windows\system32\RPCRT4.dll
0x0000000077690000 - 0x000000007778a000 	C:\Windows\system32\USER32.dll
0x000007fefe4f0000 - 0x000007fefe557000 	C:\Windows\system32\GDI32.dll
0x000007fefe0f0000 - 0x000007fefe0fe000 	C:\Windows\system32\LPK.dll
0x000007fefe380000 - 0x000007fefe449000 	C:\Windows\system32\USP10.dll
0x000007fefbe10000 - 0x000007fefc004000 	C:\Windows\WinSxS\amd64_microsoft.windows.common-controls_6595b64144ccf1df_6.0.7601.17514_none_fa396087175ac9ac\COMCTL32.dll
0x000007fefde20000 - 0x000007fefde91000 	C:\Windows\system32\SHLWAPI.dll
0x000007feffb90000 - 0x000007feffbbe000 	C:\Windows\system32\IMM32.DLL
0x000007fefe690000 - 0x000007fefe799000 	C:\Windows\system32\MSCTF.dll
0x00000000504d0000 - 0x00000000505a2000 	C:\Program Files\Java\jre1.8.0_25\bin\msvcr100.dll
0x0000000051250000 - 0x0000000051aaa000 	C:\Program Files\Java\jre1.8.0_25\bin\server\jvm.dll
0x000007fee02c0000 - 0x000007fee02c9000 	C:\Windows\system32\WSOCK32.dll
0x000007feffae0000 - 0x000007feffb2d000 	C:\Windows\system32\WS2_32.dll
0x000007feff9f0000 - 0x000007feff9f8000 	C:\Windows\system32\NSI.dll
0x000007fefb320000 - 0x000007fefb35b000 	C:\Windows\system32\WINMM.dll
0x0000000077a80000 - 0x0000000077a87000 	C:\Windows\system32\PSAPI.DLL
0x000000006ef00000 - 0x000000006ef0f000 	C:\Program Files\Java\jre1.8.0_25\bin\verify.dll
0x000000006eed0000 - 0x000000006eef8000 	C:\Program Files\Java\jre1.8.0_25\bin\java.dll
0x000000006eeb0000 - 0x000000006eec6000 	C:\Program Files\Java\jre1.8.0_25\bin\zip.dll
0x000007fefe9d0000 - 0x000007feff758000 	C:\Windows\system32\SHELL32.dll
0x000007fefdb30000 - 0x000007fefdd33000 	C:\Windows\system32\ole32.dll
0x000007fefd6f0000 - 0x000007fefd6ff000 	C:\Windows\system32\profapi.dll
0x0000000180000000 - 0x0000000180051000 	C:\Users\Misabiko\git\LWJGL Game Engine\libs\native\windows\lwjgl64.dll
0x000007fee8310000 - 0x000007fee842d000 	C:\Windows\system32\OPENGL32.dll
0x000007fef78e0000 - 0x000007fef790d000 	C:\Windows\system32\GLU32.dll
0x000007feec370000 - 0x000007feec461000 	C:\Windows\system32\DDRAW.dll
0x000007fef98c0000 - 0x000007fef98c8000 	C:\Windows\system32\DCIMAN32.dll
0x000007fefe1a0000 - 0x000007fefe377000 	C:\Windows\system32\SETUPAPI.dll
0x000007fefda70000 - 0x000007fefdaa6000 	C:\Windows\system32\CFGMGR32.dll
0x000007fefdd40000 - 0x000007fefde17000 	C:\Windows\system32\OLEAUT32.dll
0x000007fefd980000 - 0x000007fefd99a000 	C:\Windows\system32\DEVOBJ.dll
0x000007fefb880000 - 0x000007fefb898000 	C:\Windows\system32\dwmapi.dll
0x000007fefc770000 - 0x000007fefc77c000 	C:\Windows\system32\VERSION.dll
0x000007fefbd90000 - 0x000007fefbde6000 	C:\Windows\system32\uxtheme.dll
0x0000000068fb0000 - 0x000000006adf6000 	C:\Windows\system32\nvoglv64.DLL
0x000007fefc900000 - 0x000007fefc911000 	C:\Windows\system32\WTSAPI32.dll
0x000007fefd710000 - 0x000007fefd74a000 	C:\Windows\system32\WINTRUST.dll
0x000007fefd800000 - 0x000007fefd96c000 	C:\Windows\system32\CRYPT32.dll
0x000007fefd700000 - 0x000007fefd70f000 	C:\Windows\system32\MSASN1.dll
0x000007fefc740000 - 0x000007fefc76d000 	C:\Windows\system32\ntmarta.dll
0x000007feffb30000 - 0x000007feffb82000 	C:\Windows\system32\WLDAP32.dll
0x000007fefca40000 - 0x000007fefca7d000 	C:\Windows\system32\WINSTA.dll
0x000007fefd590000 - 0x000007fefd59f000 	C:\Windows\system32\CRYPTBASE.dll
0x000007fefa810000 - 0x000007fefa8ac000 	C:\Windows\system32\mscms.dll
0x000007fefd9a0000 - 0x000007fefd9be000 	C:\Windows\system32\USERENV.dll
0x000007feecbf0000 - 0x000007feecc32000 	C:\Windows\system32\icm32.dll
0x000007fef73c0000 - 0x000007fef74e5000 	C:\Windows\system32\dbghelp.dll

VM Arguments:
jvm_args: -Djava.library.path=C:\Users\Misabiko\git\LWJGL Game Engine\libs\native\windows;C:\Users\Misabiko\git\LWJGL Game Engine\libs\native\windows -Dfile.encoding=Cp1252 
java_command: com.misabiko.LWJGLGameEngine.Core.Main
java_class_path (initial): C:\Users\Misabiko\git\LWJGL Game Engine\bin;C:\Users\Misabiko\git\LWJGL Game Engine\libs\lwjgl.jar;C:\Users\Misabiko\git\LWJGL Game Engine\libs\lwjgl_util.jar;C:\Users\Misabiko\git\LWJGL Game Engine\libs\PNGDecoder.jar;C:\Users\Misabiko\git\LWJGL Game Engine\libs\jbullet.jar;C:\Users\Misabiko\git\LWJGL Game Engine\libs\vecmath.jar
Launcher Type: SUN_STANDARD

Environment Variables:
JAVA_HOME=C:\Program Files (x86)\Java\jre7\
PATH=C:/Program Files/Java/jre1.8.0_25/bin/server;C:/Program Files/Java/jre1.8.0_25/bin;C:/Program Files/Java/jre1.8.0_25/lib/amd64;C:\ProgramData\Oracle\Java\javapath;C:\Program Files (x86)\NVIDIA Corporation\PhysX\Common;C:\Program Files\Common Files\Microsoft Shared\Windows Live;C:\Program Files (x86)\Common Files\Microsoft Shared\Windows Live;C:\Windows\system32;C:\Windows;C:\Windows\System32\Wbem;C:\Windows\System32\WindowsPowerShell\v1.0\;C:\Program Files\Perl\bin\;C:\Program Files\Lua\5.1;C:\Program Files\Lua\5.1\clibs;C:\Users\Misabiko\Documents\Documents\Programming\Java\Apache Ant\apache-ant-1.9.2\bin;C:\Program Files (x86)\Windows Live\Shared;C:\Program Files (x86)\QuickTime\QTSystem\;C:\Program Files (x86)\Git\bin;C:\Program Files (x86)\Git\cmd;C:\Program Files\Git\cmd;C:\Program Files\LOVE;C:\Program Files\Java\jre8\bin;C:\Program Files (x86)\MiKTeX 2.9\miktex\bin\;C:\Users\Misabiko\Documents\Documents\Programming\Java\Eclipse\eclipse;
USERNAME=Misabiko
OS=Windows_NT
PROCESSOR_IDENTIFIER=Intel64 Family 6 Model 45 Stepping 7, GenuineIntel



---------------  S Y S T E M  ---------------

OS: Windows 7 , 64 bit Build 7601 Service Pack 1

CPU:total 8 (4 cores per cpu, 2 threads per core) family 6 model 45 stepping 7, cmov, cx8, fxsr, mmx, sse, sse2, sse3, ssse3, sse4.1, sse4.2, popcnt, avx, aes, clmul, ht, tsc, tscinvbit, tscinv

Memory: 4k page, physical 8302832k(1611148k free), swap 19951184k(4642208k free)

vm_info: Java HotSpot(TM) 64-Bit Server VM (25.25-b02) for windows-amd64 JRE (1.8.0_25-b18), built on Oct  7 2014 14:25:37 by "java_re" with MS VC++ 10.0 (VS2010)

time: Thu Feb 05 22:23:50 2015
elapsed time: 1 seconds (0d 0h 0m 1s)

