#
# A fatal error has been detected by the Java Runtime Environment:
#
#  EXCEPTION_ACCESS_VIOLATION (0xc0000005) at pc=0x57cbdba7, pid=4848, tid=5312
#
# JRE version: Java(TM) SE Runtime Environment (8.0_20-b26) (build 1.8.0_20-b26)
# Java VM: Java HotSpot(TM) Client VM (25.20-b23 mixed mode windows-x86 )
# Problematic frame:
# C  [ig7icd32.dll+0x16dba7]
#
# Failed to write core dump. Minidumps are not enabled by default on client versions of Windows
#
# If you would like to submit a bug report, please visit:
#   http://bugreport.sun.com/bugreport/crash.jsp
# The crash happened outside the Java Virtual Machine in native code.
# See problematic frame for where to report the bug.
#

---------------  T H R E A D  ---------------

Current thread (0x00c1bc00):  JavaThread "main" [_thread_in_native, id=5312, stack(0x008a0000,0x008f0000)]

siginfo: ExceptionCode=0xc0000005, reading address 0x000039f5

Registers:
EAX=0x000039f5, EBX=0x0053ee74, ECX=0x00001903, EDX=0x00000010
ESP=0x008ef4f0, EBP=0x00000000, ESI=0x163eee00, EDI=0x1639000b
EIP=0x57cbdba7, EFLAGS=0x00010212

Top of Stack: (sp=0x008ef4f0)
0x008ef4f0:   008ef58c 00c1bc00 146dd550 146dd550
0x008ef500:   17a5f38c 15500050 00000010 0053ee38
0x008ef510:   00000010 00000000 00000000 163a4a40
0x008ef520:   00000006 00000008 00000001 0053ee38
0x008ef530:   15500070 57ca1f9f 008ef501 00000000
0x008ef540:   14ddab2e 000004a1 00000de1 0238aca3
0x008ef550:   00c1bd38 008ef594 000004a1 00000de1
0x008ef560:   57e114c0 00000000 0238aa96 008ef56c 

Instructions: (pc=0x57cbdba7)
0x57cbdb87:   bc b9 b0 2a 00 00 8b 6c 24 28 05 f4 00 00 00 ba
0x57cbdb97:   10 00 00 00 2b f8 8d 49 00 8b 8c 38 f4 00 00 00
0x57cbdba7:   3b 08 75 0d 83 ea 04 83 c0 04 83 fa 04 73 ea eb
0x57cbdbb7:   05 c6 44 24 4c 01 8b 4c 24 2c 8b 41 08 8b 54 24 


Register to memory mapping:

EAX=0x000039f5 is an unknown value
EBX=0x0053ee74 is an unknown value
ECX=0x00001903 is an unknown value
EDX=0x00000010 is an unknown value
ESP=0x008ef4f0 is pointing into the stack for thread: 0x00c1bc00
EBP=0x00000000 is an unknown value
ESI=0x163eee00 is an unknown value
EDI=0x1639000b is an unknown value


Stack: [0x008a0000,0x008f0000],  sp=0x008ef4f0,  free space=317k
Native frames: (J=compiled Java code, j=interpreted, Vv=VM code, C=native code)
C  [ig7icd32.dll+0x16dba7]

Java frames: (J=compiled Java code, j=interpreted, Vv=VM code)
j  org.lwjgl.opengl.GL20.nglUniform1i(IIJ)V+0
j  org.lwjgl.opengl.GL20.glUniform1i(II)V+16
j  com.misabiko.LWJGLGameEngine.Rendering.OpenGLHandler.render(Lcom/misabiko/LWJGLGameEngine/GameObjects/GameObject;)V+591
J 179% C1 com.misabiko.LWJGLGameEngine.Core.Core.run()V (253 bytes) @ 0x02498854 [0x02498560+0x2f4]
j  com.misabiko.LWJGLGameEngine.Core.Core.<init>()V+9
j  com.misabiko.LWJGLGameEngine.Core.Main.main([Ljava/lang/String;)V+3
v  ~StubRoutines::call_stub

---------------  P R O C E S S  ---------------

Java Threads: ( => current thread )
  0x1489cc00 JavaThread "Service Thread" daemon [_thread_blocked, id=7872, stack(0x14cf0000,0x14d40000)]
  0x1488d000 JavaThread "C1 CompilerThread0" daemon [_thread_blocked, id=7692, stack(0x14c60000,0x14cb0000)]
  0x1488c000 JavaThread "Attach Listener" daemon [_thread_blocked, id=7324, stack(0x14bd0000,0x14c20000)]
  0x1488a000 JavaThread "Signal Dispatcher" daemon [_thread_blocked, id=3656, stack(0x14b40000,0x14b90000)]
  0x14861400 JavaThread "Finalizer" daemon [_thread_blocked, id=6596, stack(0x14ab0000,0x14b00000)]
  0x14860400 JavaThread "Reference Handler" daemon [_thread_blocked, id=2556, stack(0x14a60000,0x14ab0000)]
=>0x00c1bc00 JavaThread "main" [_thread_in_native, id=5312, stack(0x008a0000,0x008f0000)]

Other Threads:
  0x009ea800 VMThread [stack: 0x00f00000,0x00f50000] [id=6620]
  0x148aa800 WatcherThread [stack: 0x14d80000,0x14dd0000] [id=2656]

VM state:not at safepoint (normal execution)

VM Mutex/Monitor currently owned by a thread: None

Heap:
 def new generation   total 4928K, used 4429K [0x04400000, 0x04950000, 0x09950000)
  eden space 4416K,  88% used [0x04400000, 0x047d36d0, 0x04850000)
  from space 512K, 100% used [0x04850000, 0x048d0000, 0x048d0000)
  to   space 512K,   0% used [0x048d0000, 0x048d0000, 0x04950000)
 tenured generation   total 10944K, used 8222K [0x09950000, 0x0a400000, 0x14400000)
   the space 10944K,  75% used [0x09950000, 0x0a157ad8, 0x0a157c00, 0x0a400000)
 Metaspace       used 3531K, capacity 3733K, committed 3776K, reserved 4480K

Card table byte_map: [0x00ab0000,0x00b40000] byte_map_base: 0x00a8e000

Polling page: 0x006d0000

CodeCache: size=32768Kb used=1135Kb max_used=1135Kb free=31632Kb
 bounds [0x02380000, 0x024a0000, 0x04380000]
 total_blobs=425 nmethods=181 adapters=176
 compilation: enabled

Compilation events (10 events):
Event: 4.620 Thread 0x1488d000  177   !         org.lwjgl.opengl.Display::isCloseRequested (38 bytes)
Event: 4.620 Thread 0x1488d000 nmethod 177 0x024978c8 code [0x024979f0, 0x02497d8c]
Event: 4.620 Thread 0x1488d000  178             org.lwjgl.opengl.WindowsDisplay::isCloseRequested (12 bytes)
Event: 4.620 Thread 0x1488d000 nmethod 178 0x02497fc8 code [0x024980c0, 0x02498140]
Event: 4.623 Thread 0x1488d000  179 %           com.misabiko.LWJGLGameEngine.Core.Core::run @ 19 (253 bytes)
Event: 4.626 Thread 0x1488d000 nmethod 179% 0x02498188 code [0x02498560, 0x02499640]
Event: 4.676 Thread 0x1488d000  180             java.lang.String::equalsIgnoreCase (48 bytes)
Event: 4.676 Thread 0x1488d000 nmethod 180 0x0249b608 code [0x0249b710, 0x0249b81c]
Event: 4.712 Thread 0x1488d000  181             org.lwjgl.opengl.APIUtil::encode (58 bytes)
Event: 4.713 Thread 0x1488d000 nmethod 181 0x0249ba48 code [0x0249bb60, 0x0249bc64]

GC Heap History (10 events):
Event: 4.429 GC heap before
{Heap before GC invocations=9 (full 0):
 def new generation   total 4928K, used 4853K [0x04400000, 0x04950000, 0x09950000)
  eden space 4416K, 100% used [0x04400000, 0x04850000, 0x04850000)
  from space 512K,  85% used [0x048d0000, 0x0493d670, 0x04950000)
  to   space 512K,   0% used [0x04850000, 0x04850000, 0x048d0000)
 tenured generation   total 10944K, used 3578K [0x09950000, 0x0a400000, 0x14400000)
   the space 10944K,  32% used [0x09950000, 0x09cceaa8, 0x09ccec00, 0x0a400000)
 Metaspace       used 3456K, capacity 3637K, committed 3648K, reserved 4480K
Event: 4.432 GC heap after
Heap after GC invocations=10 (full 0):
 def new generation   total 4928K, used 511K [0x04400000, 0x04950000, 0x09950000)
  eden space 4416K,   0% used [0x04400000, 0x04400000, 0x04850000)
  from space 512K,  99% used [0x04850000, 0x048cfff8, 0x048d0000)
  to   space 512K,   0% used [0x048d0000, 0x048d0000, 0x04950000)
 tenured generation   total 10944K, used 3968K [0x09950000, 0x0a400000, 0x14400000)
   the space 10944K,  36% used [0x09950000, 0x09d301c8, 0x09d30200, 0x0a400000)
 Metaspace       used 3456K, capacity 3637K, committed 3648K, reserved 4480K
}
Event: 4.440 GC heap before
{Heap before GC invocations=10 (full 0):
 def new generation   total 4928K, used 4927K [0x04400000, 0x04950000, 0x09950000)
  eden space 4416K, 100% used [0x04400000, 0x04850000, 0x04850000)
  from space 512K,  99% used [0x04850000, 0x048cfff8, 0x048d0000)
  to   space 512K,   0% used [0x048d0000, 0x048d0000, 0x04950000)
 tenured generation   total 10944K, used 3968K [0x09950000, 0x0a400000, 0x14400000)
   the space 10944K,  36% used [0x09950000, 0x09d301c8, 0x09d30200, 0x0a400000)
 Metaspace       used 3456K, capacity 3637K, committed 3648K, reserved 4480K
Event: 4.443 GC heap after
Heap after GC invocations=11 (full 0):
 def new generation   total 4928K, used 227K [0x04400000, 0x04950000, 0x09950000)
  eden space 4416K,   0% used [0x04400000, 0x04400000, 0x04850000)
  from space 512K,  44% used [0x048d0000, 0x04908f50, 0x04950000)
  to   space 512K,   0% used [0x04850000, 0x04850000, 0x048d0000)
 tenured generation   total 10944K, used 4479K [0x09950000, 0x0a400000, 0x14400000)
   the space 10944K,  40% used [0x09950000, 0x09dafd20, 0x09dafe00, 0x0a400000)
 Metaspace       used 3456K, capacity 3637K, committed 3648K, reserved 4480K
}
Event: 4.451 GC heap before
{Heap before GC invocations=11 (full 0):
 def new generation   total 4928K, used 4643K [0x04400000, 0x04950000, 0x09950000)
  eden space 4416K, 100% used [0x04400000, 0x04850000, 0x04850000)
  from space 512K,  44% used [0x048d0000, 0x04908f50, 0x04950000)
  to   space 512K,   0% used [0x04850000, 0x04850000, 0x048d0000)
 tenured generation   total 10944K, used 4479K [0x09950000, 0x0a400000, 0x14400000)
   the space 10944K,  40% used [0x09950000, 0x09dafd20, 0x09dafe00, 0x0a400000)
 Metaspace       used 3456K, capacity 3637K, committed 3648K, reserved 4480K
Event: 4.453 GC heap after
Heap after GC invocations=12 (full 0):
 def new generation   total 4928K, used 449K [0x04400000, 0x04950000, 0x09950000)
  eden space 4416K,   0% used [0x04400000, 0x04400000, 0x04850000)
  from space 512K,  87% used [0x04850000, 0x048c06a0, 0x048d0000)
  to   space 512K,   0% used [0x048d0000, 0x048d0000, 0x04950000)
 tenured generation   total 10944K, used 4479K [0x09950000, 0x0a400000, 0x14400000)
   the space 10944K,  40% used [0x09950000, 0x09dafd20, 0x09dafe00, 0x0a400000)
 Metaspace       used 3456K, capacity 3637K, committed 3648K, reserved 4480K
}
Event: 4.461 GC heap before
{Heap before GC invocations=12 (full 0):
 def new generation   total 4928K, used 4865K [0x04400000, 0x04950000, 0x09950000)
  eden space 4416K, 100% used [0x04400000, 0x04850000, 0x04850000)
  from space 512K,  87% used [0x04850000, 0x048c06a0, 0x048d0000)
  to   space 512K,   0% used [0x048d0000, 0x048d0000, 0x04950000)
 tenured generation   total 10944K, used 4479K [0x09950000, 0x0a400000, 0x14400000)
   the space 10944K,  40% used [0x09950000, 0x09dafd20, 0x09dafe00, 0x0a400000)
 Metaspace       used 3456K, capacity 3637K, committed 3648K, reserved 4480K
Event: 4.464 GC heap after
Heap after GC invocations=13 (full 0):
 def new generation   total 4928K, used 464K [0x04400000, 0x04950000, 0x09950000)
  eden space 4416K,   0% used [0x04400000, 0x04400000, 0x04850000)
  from space 512K,  90% used [0x048d0000, 0x049443f0, 0x04950000)
  to   space 512K,   0% used [0x04850000, 0x04850000, 0x048d0000)
 tenured generation   total 10944K, used 4706K [0x09950000, 0x0a400000, 0x14400000)
   the space 10944K,  43% used [0x09950000, 0x09de8b70, 0x09de8c00, 0x0a400000)
 Metaspace       used 3456K, capacity 3637K, committed 3648K, reserved 4480K
}
Event: 4.511 GC heap before
{Heap before GC invocations=13 (full 0):
 def new generation   total 4928K, used 4880K [0x04400000, 0x04950000, 0x09950000)
  eden space 4416K, 100% used [0x04400000, 0x04850000, 0x04850000)
  from space 512K,  90% used [0x048d0000, 0x049443f0, 0x04950000)
  to   space 512K,   0% used [0x04850000, 0x04850000, 0x048d0000)
 tenured generation   total 10944K, used 4706K [0x09950000, 0x0a400000, 0x14400000)
   the space 10944K,  43% used [0x09950000, 0x09de8b70, 0x09de8c00, 0x0a400000)
 Metaspace       used 3461K, capacity 3637K, committed 3648K, reserved 4480K
Event: 4.523 GC heap after
Heap after GC invocations=14 (full 0):
 def new generation   total 4928K, used 512K [0x04400000, 0x04950000, 0x09950000)
  eden space 4416K,   0% used [0x04400000, 0x04400000, 0x04850000)
  from space 512K, 100% used [0x04850000, 0x048d0000, 0x048d0000)
  to   space 512K,   0% used [0x048d0000, 0x048d0000, 0x04950000)
 tenured generation   total 10944K, used 8222K [0x09950000, 0x0a400000, 0x14400000)
   the space 10944K,  75% used [0x09950000, 0x0a157ad8, 0x0a157c00, 0x0a400000)
 Metaspace       used 3461K, capacity 3637K, committed 3648K, reserved 4480K
}

Deoptimization events (0 events):
No events

Internal exceptions (10 events):
Event: 4.673 Thread 0x00c1bc00 Exception <a 'java/security/PrivilegedActionException'> (0x04794d80) thrown at [D:\re\workspace\8-2-build-windows-i586-cygwin\jdk8u20\1074\hotspot\src\share\vm\prims\jvm.cpp, line 1275]
Event: 4.675 Thread 0x00c1bc00 Exception <a 'java/security/PrivilegedActionException'> (0x04798ad0) thrown at [D:\re\workspace\8-2-build-windows-i586-cygwin\jdk8u20\1074\hotspot\src\share\vm\prims\jvm.cpp, line 1275]
Event: 4.676 Thread 0x00c1bc00 Exception <a 'java/security/PrivilegedActionException'> (0x0479c830) thrown at [D:\re\workspace\8-2-build-windows-i586-cygwin\jdk8u20\1074\hotspot\src\share\vm\prims\jvm.cpp, line 1275]
Event: 4.678 Thread 0x00c1bc00 Exception <a 'java/security/PrivilegedActionException'> (0x0479ffc8) thrown at [D:\re\workspace\8-2-build-windows-i586-cygwin\jdk8u20\1074\hotspot\src\share\vm\prims\jvm.cpp, line 1275]
Event: 4.681 Thread 0x00c1bc00 Exception <a 'java/security/PrivilegedActionException'> (0x047a3268) thrown at [D:\re\workspace\8-2-build-windows-i586-cygwin\jdk8u20\1074\hotspot\src\share\vm\prims\jvm.cpp, line 1275]
Event: 4.682 Thread 0x00c1bc00 Exception <a 'java/security/PrivilegedActionException'> (0x047a6530) thrown at [D:\re\workspace\8-2-build-windows-i586-cygwin\jdk8u20\1074\hotspot\src\share\vm\prims\jvm.cpp, line 1275]
Event: 4.684 Thread 0x00c1bc00 Exception <a 'java/security/PrivilegedActionException'> (0x047a99f0) thrown at [D:\re\workspace\8-2-build-windows-i586-cygwin\jdk8u20\1074\hotspot\src\share\vm\prims\jvm.cpp, line 1275]
Event: 4.687 Thread 0x00c1bc00 Exception <a 'java/security/PrivilegedActionException'> (0x047b2610) thrown at [D:\re\workspace\8-2-build-windows-i586-cygwin\jdk8u20\1074\hotspot\src\share\vm\prims\jvm.cpp, line 1275]
Event: 4.690 Thread 0x00c1bc00 Exception <a 'java/security/PrivilegedActionException'> (0x047b90b8) thrown at [D:\re\workspace\8-2-build-windows-i586-cygwin\jdk8u20\1074\hotspot\src\share\vm\prims\jvm.cpp, line 1275]
Event: 4.709 Thread 0x00c1bc00 Exception <a 'java/security/PrivilegedActionException'> (0x047bc228) thrown at [D:\re\workspace\8-2-build-windows-i586-cygwin\jdk8u20\1074\hotspot\src\share\vm\prims\jvm.cpp, line 1275]

Events (10 events):
Event: 4.682 loading class com/bulletphysics/collision/dispatch/UnionFind$Element
Event: 4.682 loading class com/bulletphysics/collision/dispatch/UnionFind$Element done
Event: 4.684 loading class com/bulletphysics/linearmath/TransformUtil
Event: 4.684 loading class com/bulletphysics/linearmath/TransformUtil done
Event: 4.687 loading class com/bulletphysics/linearmath/QuaternionUtil
Event: 4.687 loading class com/bulletphysics/linearmath/QuaternionUtil done
Event: 4.690 loading class com/misabiko/LWJGLGameEngine/Utilities/Util
Event: 4.690 loading class com/misabiko/LWJGLGameEngine/Utilities/Util done
Event: 4.709 loading class org/lwjgl/util/vector/Matrix3f
Event: 4.709 loading class org/lwjgl/util/vector/Matrix3f done


Dynamic libraries:
0x00f50000 - 0x00f80000 	E:\Coding\Java\jdk1.8.0_20\bin\javaw.exe
0x76fd0000 - 0x77127000 	C:\windows\SYSTEM32\ntdll.dll
0x76090000 - 0x761c0000 	C:\windows\SYSTEM32\KERNEL32.DLL
0x764b0000 - 0x76557000 	C:\windows\SYSTEM32\KERNELBASE.dll
0x766e0000 - 0x7678e000 	C:\windows\SYSTEM32\ADVAPI32.dll
0x75da0000 - 0x75eb6000 	C:\windows\SYSTEM32\USER32.dll
0x70340000 - 0x70538000 	C:\windows\WinSxS\x86_microsoft.windows.common-controls_6595b64144ccf1df_6.0.9200.16579_none_8937eec6860750f5\COMCTL32.dll
0x759e0000 - 0x75a91000 	C:\windows\SYSTEM32\msvcrt.dll
0x75b90000 - 0x75bc4000 	C:\windows\SYSTEM32\sechost.dll
0x75ee0000 - 0x75f8c000 	C:\windows\SYSTEM32\RPCRT4.dll
0x75f90000 - 0x7608d000 	C:\windows\SYSTEM32\GDI32.dll
0x745c0000 - 0x745dd000 	C:\windows\SYSTEM32\SspiCli.dll
0x745b0000 - 0x745b9000 	C:\windows\SYSTEM32\CRYPTBASE.dll
0x74550000 - 0x745a1000 	C:\windows\SYSTEM32\bcryptPrimitives.dll
0x75b20000 - 0x75b40000 	C:\windows\system32\IMM32.DLL
0x74680000 - 0x7475e000 	C:\windows\SYSTEM32\MSCTF.dll
0x5ea60000 - 0x5eb1f000 	E:\Coding\Java\jdk1.8.0_20\jre\bin\msvcr100.dll
0x5de80000 - 0x5e222000 	E:\Coding\Java\jdk1.8.0_20\jre\bin\client\jvm.dll
0x741e0000 - 0x741e8000 	C:\windows\SYSTEM32\WSOCK32.dll
0x730b0000 - 0x730d1000 	C:\windows\SYSTEM32\WINMM.dll
0x76920000 - 0x76926000 	C:\windows\SYSTEM32\PSAPI.DLL
0x76690000 - 0x766e0000 	C:\windows\SYSTEM32\WS2_32.dll
0x71e40000 - 0x71e6b000 	C:\windows\SYSTEM32\WINMMBASE.dll
0x761c0000 - 0x761c8000 	C:\windows\SYSTEM32\NSI.dll
0x761d0000 - 0x76216000 	C:\windows\SYSTEM32\cfgmgr32.dll
0x75aa0000 - 0x75abe000 	C:\windows\SYSTEM32\DEVOBJ.dll
0x6d030000 - 0x6d03c000 	E:\Coding\Java\jdk1.8.0_20\jre\bin\verify.dll
0x6d000000 - 0x6d021000 	E:\Coding\Java\jdk1.8.0_20\jre\bin\java.dll
0x5ea40000 - 0x5ea53000 	E:\Coding\Java\jdk1.8.0_20\jre\bin\zip.dll
0x74910000 - 0x759d6000 	C:\windows\SYSTEM32\SHELL32.dll
0x75bd0000 - 0x75d06000 	C:\windows\SYSTEM32\combase.dll
0x76470000 - 0x764b0000 	C:\windows\SYSTEM32\SHLWAPI.dll
0x71dc0000 - 0x71e33000 	C:\windows\SYSTEM32\SHCORE.dll
0x74760000 - 0x74771000 	C:\windows\SYSTEM32\profapi.dll
0x14dd0000 - 0x14e1d000 	E:\Coding\eclipse\git\LWJGL-Game-Engine\libs\native\windows\lwjgl.dll
0x5e950000 - 0x5ea1e000 	C:\windows\SYSTEM32\OPENGL32.dll
0x741d0000 - 0x741d8000 	C:\windows\SYSTEM32\VERSION.dll
0x6fa80000 - 0x6faa3000 	C:\windows\SYSTEM32\GLU32.dll
0x5e670000 - 0x5e749000 	C:\windows\SYSTEM32\DDRAW.dll
0x6fa70000 - 0x6fa77000 	C:\windows\SYSTEM32\DCIMAN32.dll
0x6f120000 - 0x6f1a8000 	C:\windows\system32\uxtheme.dll
0x6f1e0000 - 0x6f1fa000 	C:\windows\SYSTEM32\dwmapi.dll
0x57b50000 - 0x58371000 	C:\windows\SYSTEM32\ig7icd32.dll
0x76cf0000 - 0x76e09000 	C:\windows\system32\ole32.dll
0x66620000 - 0x6669c000 	C:\windows\SYSTEM32\mscms.dll
0x76790000 - 0x767ab000 	C:\windows\SYSTEM32\USERENV.dll
0x6fa30000 - 0x6fa6b000 	C:\windows\SYSTEM32\icm32.dll
0x714a0000 - 0x715c9000 	C:\windows\SYSTEM32\dbghelp.dll

VM Arguments:
jvm_args: -Djava.library.path=E:\Coding\eclipse\git\LWJGL-Game-Engine\libs\native\windows;E:\Coding\eclipse\git\LWJGL-Game-Engine\libs\native\windows -Dfile.encoding=Cp1252 
java_command: com.misabiko.LWJGLGameEngine.Core.Main
java_class_path (initial): E:\Coding\eclipse\git\LWJGL-Game-Engine\bin;E:\Coding\eclipse\git\LWJGL-Game-Engine\libs\lwjgl.jar;E:\Coding\eclipse\git\LWJGL-Game-Engine\libs\lwjgl_util.jar;E:\Coding\eclipse\git\LWJGL-Game-Engine\libs\PNGDecoder.jar;E:\Coding\eclipse\git\LWJGL-Game-Engine\libs\jbullet.jar;E:\Coding\eclipse\git\LWJGL-Game-Engine\libs\vecmath.jar
Launcher Type: SUN_STANDARD

Environment Variables:
PATH=C:\Program Files (x86)\Intel\iCLS Client\;C:\Program Files\Intel\iCLS Client\;C:\windows\system32;C:\windows;C:\windows\System32\Wbem;C:\windows\System32\WindowsPowerShell\v1.0\;C:\Program Files\Intel\Intel(R) Management Engine Components\DAL;C:\Program Files\Intel\Intel(R) Management Engine Components\IPT;C:\Program Files (x86)\Intel\Intel(R) Management Engine Components\DAL;C:\Program Files (x86)\Intel\Intel(R) Management Engine Components\IPT;C:\Program Files (x86)\Intel\OpenCL SDK\2.0\bin\x86;C:\Program Files (x86)\Intel\OpenCL SDK\2.0\bin\x64
USERNAME=édith
OS=Windows_NT
PROCESSOR_IDENTIFIER=Intel64 Family 6 Model 58 Stepping 9, GenuineIntel



---------------  S Y S T E M  ---------------

OS: Windows 8 , 64 bit Build 9200 

CPU:total 2 (2 cores per cpu, 1 threads per core) family 6 model 58 stepping 9, cmov, cx8, fxsr, mmx, sse, sse2, sse3, ssse3, sse4.1, sse4.2, popcnt, clmul, erms, tsc, tscinvbit, tscinv

Memory: 4k page, physical 6171868k(3021032k free), swap 7154908k(3018372k free)

vm_info: Java HotSpot(TM) Client VM (25.20-b23) for windows-x86 JRE (1.8.0_20-b26), built on Jul 30 2014 18:14:41 by "java_re" with MS VC++ 10.0 (VS2010)

time: Thu Jan 22 15:30:07 2015
elapsed time: 4 seconds (0d 0h 0m 4s)

