#
# A fatal error has been detected by the Java Runtime Environment:
#
#  EXCEPTION_ACCESS_VIOLATION (0xc0000005) at pc=0x00000000695a8b10, pid=26560, tid=25680
#
# JRE version: Java(TM) SE Runtime Environment (8.0_25-b18) (build 1.8.0_25-b18)
# Java VM: Java HotSpot(TM) 64-Bit Server VM (25.25-b02 mixed mode windows-amd64 compressed oops)
# Problematic frame:
# C  [nvoglv64.DLL+0xa58b10]
#
# Failed to write core dump. Minidumps are not enabled by default on client versions of Windows
#
# If you would like to submit a bug report, please visit:
#   http://bugreport.sun.com/bugreport/crash.jsp
# The crash happened outside the Java Virtual Machine in native code.
# See problematic frame for where to report the bug.
#

---------------  T H R E A D  ---------------

Current thread (0x000000000236e000):  JavaThread "main" [_thread_in_native, id=25680, stack(0x0000000002530000,0x0000000002630000)]

siginfo: ExceptionCode=0xc0000005, reading address 0x0000000000000000

Registers:
RAX=0x0000000000000000, RBX=0x000000000037aa18, RCX=0x000000005f46c294, RDX=0x0000000000000008
RSP=0x000000000262ee18, RBP=0x000000005b586150, RSI=0x000000005c579154, RDI=0x0000000000000000
R8 =0x0000000000000010, R9 =0x0000000000000018, R10=0x0000000000000010, R11=0x0000000068b50000
R12=0x0000000000000007, R13=0x000000000000000f, R14=0x000000000262eeb0, R15=0x0000000000000000
RIP=0x00000000695a8b10, EFLAGS=0x0000000000010202

Top of Stack: (sp=0x000000000262ee18)
0x000000000262ee18:   0000000069697292 000000005b586150
0x000000000262ee28:   000000005b586150 0000000000000018
0x000000000262ee38:   000000000262eec0 0000000000000000
0x000000000262ee48:   000000000037a698 0000000000000000
0x000000000262ee58:   0000000069697934 000000000037aa18
0x000000000262ee68:   00000000695a8b00 0000000000000001
0x000000000262ee78:   0000000000000000 000000000037aa18
0x000000000262ee88:   00000000695a8b00 0000000000000000
0x000000000262ee98:   000000000262eeb0 00000000410bc894
0x000000000262eea8:   00000000694fdc64 000000005f46c294
0x000000000262eeb8:   000000005b586150 00000000410bc894
0x000000000262eec8:   1080000000000000 000000005b586150
0x000000000262eed8:   0000000000000000 0000000000001401
0x000000000262eee8:   0000000000000004 0000000000000000
0x000000000262eef8:   00000000129f0000 0000000000000018
0x000000000262ef08:   000000005b586150 0000000000000024 

Instructions: (pc=0x00000000695a8b10)
0x00000000695a8af0:   41 fc 41 ff c9 75 d9 48 8b c1 c3 cc cc cc cc cc
0x00000000695a8b00:   4d 63 d0 48 83 c2 08 66 0f 1f 84 00 00 00 00 00
0x00000000695a8b10:   8b 42 f8 48 83 c1 10 89 41 f0 8b 42 fc 89 41 f4
0x00000000695a8b20:   8b 02 89 41 f8 8b 42 04 49 03 d2 89 41 fc 41 ff 


Register to memory mapping:

RAX=0x0000000000000000 is an unknown value
RBX=0x000000000037aa18 is an unknown value
RCX=0x000000005f46c294 is an unknown value
RDX=0x0000000000000008 is an unknown value
RSP=0x000000000262ee18 is pointing into the stack for thread: 0x000000000236e000
RBP=0x000000005b586150 is an unknown value
RSI=0x000000005c579154 is an unknown value
RDI=0x0000000000000000 is an unknown value
R8 =0x0000000000000010 is an unknown value
R9 =0x0000000000000018 is an unknown value
R10=0x0000000000000010 is an unknown value
R11=0x0000000068b50000 is an unknown value
R12=0x0000000000000007 is an unknown value
R13=0x000000000000000f is an unknown value
R14=0x000000000262eeb0 is pointing into the stack for thread: 0x000000000236e000
R15=0x0000000000000000 is an unknown value


Stack: [0x0000000002530000,0x0000000002630000],  sp=0x000000000262ee18,  free space=1019k
Native frames: (J=compiled Java code, j=interpreted, Vv=VM code, C=native code)
C  [nvoglv64.DLL+0xa58b10]

Java frames: (J=compiled Java code, j=interpreted, Vv=VM code)
j  org.lwjgl.opengl.GL11.nglDrawElementsBO(IIIJJ)V+0
j  org.lwjgl.opengl.GL11.glDrawElements(IIIJ)V+28
j  com.misabiko.LWJGLGameEngine.Core.OpenGLHandler.render(Lcom/misabiko/LWJGLGameEngine/GameObjects/GameObject;)V+333
j  com.misabiko.LWJGLGameEngine.Core.Core.run()V+96
j  com.misabiko.LWJGLGameEngine.Core.Core.<init>()V+25
j  com.misabiko.LWJGLGameEngine.Core.Main.main([Ljava/lang/String;)V+3
v  ~StubRoutines::call_stub

---------------  P R O C E S S  ---------------

Java Threads: ( => current thread )
  0x0000000058db6000 JavaThread "Service Thread" daemon [_thread_blocked, id=27156, stack(0x000000005aa90000,0x000000005ab90000)]
  0x0000000058d40800 JavaThread "C1 CompilerThread3" daemon [_thread_blocked, id=22332, stack(0x000000005a980000,0x000000005aa80000)]
  0x0000000058d3f000 JavaThread "C2 CompilerThread2" daemon [_thread_blocked, id=23192, stack(0x000000005a7c0000,0x000000005a8c0000)]
  0x0000000058d36800 JavaThread "C2 CompilerThread1" daemon [_thread_blocked, id=26948, stack(0x000000005a600000,0x000000005a700000)]
  0x0000000058d2f000 JavaThread "C2 CompilerThread0" daemon [_thread_blocked, id=26960, stack(0x000000005a460000,0x000000005a560000)]
  0x0000000057d9f800 JavaThread "Attach Listener" daemon [_thread_blocked, id=27532, stack(0x0000000059c50000,0x0000000059d50000)]
  0x0000000057d9e000 JavaThread "Signal Dispatcher" daemon [_thread_blocked, id=24404, stack(0x000000005a290000,0x000000005a390000)]
  0x0000000057d89000 JavaThread "Finalizer" daemon [_thread_blocked, id=20368, stack(0x000000005a070000,0x000000005a170000)]
  0x0000000058ce3000 JavaThread "Reference Handler" daemon [_thread_blocked, id=27044, stack(0x0000000059f60000,0x000000005a060000)]
=>0x000000000236e000 JavaThread "main" [_thread_in_native, id=25680, stack(0x0000000002530000,0x0000000002630000)]

Other Threads:
  0x0000000058ce1800 VMThread [stack: 0x0000000059dd0000,0x0000000059ed0000] [id=27000]
  0x0000000058dba000 WatcherThread [stack: 0x000000005ab90000,0x000000005ac90000] [id=27064]

VM state:not at safepoint (normal execution)

VM Mutex/Monitor currently owned by a thread: None

Heap:
 PSYoungGen      total 38400K, used 11031K [0x00000000d5c00000, 0x00000000d8680000, 0x0000000100000000)
  eden space 33280K, 33% used [0x00000000d5c00000,0x00000000d66c5eb8,0x00000000d7c80000)
  from space 5120K, 0% used [0x00000000d8180000,0x00000000d8180000,0x00000000d8680000)
  to   space 5120K, 0% used [0x00000000d7c80000,0x00000000d7c80000,0x00000000d8180000)
 ParOldGen       total 87552K, used 0K [0x0000000081400000, 0x0000000086980000, 0x00000000d5c00000)
  object space 87552K, 0% used [0x0000000081400000,0x0000000081400000,0x0000000086980000)
 Metaspace       used 5740K, capacity 6651K, committed 6784K, reserved 1056768K
  class space    used 561K, capacity 592K, committed 640K, reserved 1048576K

Card table byte_map: [0x0000000011cc0000,0x00000000120c0000] byte_map_base: 0x00000000118b6000

Marking Bits: (ParMarkBitMap*) 0x000000006fbdd490
 Begin Bits: [0x0000000012f00000, 0x0000000014eb0000)
 End Bits:   [0x0000000014eb0000, 0x0000000016e60000)

Polling page: 0x0000000000220000

CodeCache: size=245760Kb used=2087Kb max_used=2099Kb free=243672Kb
 bounds [0x0000000002900000, 0x0000000002b70000, 0x0000000011900000]
 total_blobs=834 nmethods=428 adapters=320
 compilation: enabled

Compilation events (10 events):
Event: 0.683 Thread 0x0000000058d40800  422       3       sun.net.www.protocol.jar.Handler::parseURL (201 bytes)
Event: 0.684 Thread 0x0000000058d40800 nmethod 422 0x0000000002b03450 code [0x0000000002b03700, 0x0000000002b04b08]
Event: 0.684 Thread 0x0000000058d40800  423       3       sun.net.www.protocol.jar.Handler::parseContextSpec (154 bytes)
Event: 0.685 Thread 0x0000000058d36800  424       4       sun.misc.MetaIndex::mayContain (51 bytes)
Event: 0.685 Thread 0x0000000058d40800 nmethod 423 0x0000000002b05510 code [0x0000000002b058e0, 0x0000000002b07f08]
Event: 0.685 Thread 0x0000000058d40800  425       3       java.lang.ThreadLocal::get (38 bytes)
Event: 0.686 Thread 0x0000000058d40800 nmethod 425 0x0000000002af9b50 code [0x0000000002af9ce0, 0x0000000002afa098]
Event: 0.686 Thread 0x0000000058d40800  428       3       com.bulletphysics.linearmath.VectorUtil::getCoord (51 bytes)
Event: 0.686 Thread 0x0000000058d40800 nmethod 428 0x0000000002affd90 code [0x0000000002afff00, 0x0000000002b00128]
Event: 0.686 Thread 0x0000000058d40800  426       3       com.bulletphysics.$Stack::get$javax$vecmath$Vector3f (51 bytes)

GC Heap History (0 events):
No events

Deoptimization events (1 events):
Event: 0.686 Thread 0x000000000236e000 Uncommon trap: reason=unreached action=reinterpret pc=0x0000000002b00808 method=com.misabiko.LWJGLGameEngine.Core.Core.run()V @ 106

Internal exceptions (10 events):
Event: 0.662 Thread 0x000000000236e000 Exception <a 'java/security/PrivilegedActionException'> (0x00000000d6614760) thrown at [D:\re\workspace\8-2-build-windows-amd64-cygwin\jdk8u25\1677\hotspot\src\share\vm\prims\jvm.cpp, line 1312]
Event: 0.680 Thread 0x000000000236e000 Exception <a 'java/security/PrivilegedActionException'> (0x00000000d66203e8) thrown at [D:\re\workspace\8-2-build-windows-amd64-cygwin\jdk8u25\1677\hotspot\src\share\vm\prims\jvm.cpp, line 1312]
Event: 0.681 Thread 0x000000000236e000 Exception <a 'java/security/PrivilegedActionException'> (0x00000000d6622388) thrown at [D:\re\workspace\8-2-build-windows-amd64-cygwin\jdk8u25\1677\hotspot\src\share\vm\prims\jvm.cpp, line 1312]
Event: 0.682 Thread 0x000000000236e000 Exception <a 'java/security/PrivilegedActionException'> (0x00000000d6626418) thrown at [D:\re\workspace\8-2-build-windows-amd64-cygwin\jdk8u25\1677\hotspot\src\share\vm\prims\jvm.cpp, line 1312]
Event: 0.682 Thread 0x000000000236e000 Exception <a 'java/security/PrivilegedActionException'> (0x00000000d662a440) thrown at [D:\re\workspace\8-2-build-windows-amd64-cygwin\jdk8u25\1677\hotspot\src\share\vm\prims\jvm.cpp, line 1312]
Event: 0.682 Thread 0x000000000236e000 Exception <a 'java/security/PrivilegedActionException'> (0x00000000d662df08) thrown at [D:\re\workspace\8-2-build-windows-amd64-cygwin\jdk8u25\1677\hotspot\src\share\vm\prims\jvm.cpp, line 1312]
Event: 0.683 Thread 0x000000000236e000 Exception <a 'java/security/PrivilegedActionException'> (0x00000000d6631490) thrown at [D:\re\workspace\8-2-build-windows-amd64-cygwin\jdk8u25\1677\hotspot\src\share\vm\prims\jvm.cpp, line 1312]
Event: 0.683 Thread 0x000000000236e000 Exception <a 'java/security/PrivilegedActionException'> (0x00000000d66349d0) thrown at [D:\re\workspace\8-2-build-windows-amd64-cygwin\jdk8u25\1677\hotspot\src\share\vm\prims\jvm.cpp, line 1312]
Event: 0.684 Thread 0x000000000236e000 Exception <a 'java/security/PrivilegedActionException'> (0x00000000d6638168) thrown at [D:\re\workspace\8-2-build-windows-amd64-cygwin\jdk8u25\1677\hotspot\src\share\vm\prims\jvm.cpp, line 1312]
Event: 0.685 Thread 0x000000000236e000 Exception <a 'java/security/PrivilegedActionException'> (0x00000000d663e540) thrown at [D:\re\workspace\8-2-build-windows-amd64-cygwin\jdk8u25\1677\hotspot\src\share\vm\prims\jvm.cpp, line 1312]

Events (10 events):
Event: 0.683 loading class com/bulletphysics/collision/broadphase/Dbvt$sStkNN done
Event: 0.683 loading class com/bulletphysics/collision/dispatch/UnionFind$Element
Event: 0.683 loading class com/bulletphysics/collision/dispatch/UnionFind$Element done
Event: 0.684 loading class com/bulletphysics/linearmath/TransformUtil
Event: 0.684 loading class com/bulletphysics/linearmath/TransformUtil done
Event: 0.685 loading class com/bulletphysics/linearmath/QuaternionUtil
Event: 0.685 loading class com/bulletphysics/linearmath/QuaternionUtil done
Event: 0.686 Thread 0x000000000236e000 Uncommon trap: trap_request=0xffffffad fr.pc=0x0000000002b00808
Event: 0.686 Thread 0x000000000236e000 DEOPT PACKING pc=0x0000000002b00808 sp=0x000000000262f220
Event: 0.686 Thread 0x000000000236e000 DEOPT UNPACKING pc=0x000000000294556a sp=0x000000000262f1b0 mode 2


Dynamic libraries:
0x000000013fbc0000 - 0x000000013fbf4000 	C:\Program Files\Java\jre1.8.0_25\bin\javaw.exe
0x0000000076e10000 - 0x0000000076fb9000 	C:\Windows\SYSTEM32\ntdll.dll
0x0000000076cf0000 - 0x0000000076e0f000 	C:\Windows\system32\kernel32.dll
0x000007fefcd50000 - 0x000007fefcdbc000 	C:\Windows\system32\KERNELBASE.dll
0x000007fefd3f0000 - 0x000007fefd4cb000 	C:\Windows\system32\ADVAPI32.dll
0x000007fefd790000 - 0x000007fefd82f000 	C:\Windows\system32\msvcrt.dll
0x000007fefd770000 - 0x000007fefd78f000 	C:\Windows\SYSTEM32\sechost.dll
0x000007fefe900000 - 0x000007fefea2d000 	C:\Windows\system32\RPCRT4.dll
0x0000000076bf0000 - 0x0000000076cea000 	C:\Windows\system32\USER32.dll
0x000007fefd5e0000 - 0x000007fefd647000 	C:\Windows\system32\GDI32.dll
0x000007fefec80000 - 0x000007fefec8e000 	C:\Windows\system32\LPK.dll
0x000007fefd320000 - 0x000007fefd3e9000 	C:\Windows\system32\USP10.dll
0x000007fefb610000 - 0x000007fefb804000 	C:\Windows\WinSxS\amd64_microsoft.windows.common-controls_6595b64144ccf1df_6.0.7601.17514_none_fa396087175ac9ac\COMCTL32.dll
0x000007fefd650000 - 0x000007fefd6c1000 	C:\Windows\system32\SHLWAPI.dll
0x000007fefd010000 - 0x000007fefd03e000 	C:\Windows\system32\IMM32.DLL
0x000007fefd4d0000 - 0x000007fefd5d9000 	C:\Windows\system32\MSCTF.dll
0x00000000572c0000 - 0x0000000057392000 	C:\Program Files\Java\jre1.8.0_25\bin\msvcr100.dll
0x000000006f400000 - 0x000000006fc5a000 	C:\Program Files\Java\jre1.8.0_25\bin\server\jvm.dll
0x000007fef10c0000 - 0x000007fef10c9000 	C:\Windows\system32\WSOCK32.dll
0x000007fefd2d0000 - 0x000007fefd31d000 	C:\Windows\system32\WS2_32.dll
0x000007fefd830000 - 0x000007fefd838000 	C:\Windows\system32\NSI.dll
0x000007fefa880000 - 0x000007fefa8bb000 	C:\Windows\system32\WINMM.dll
0x0000000076fd0000 - 0x0000000076fd7000 	C:\Windows\system32\PSAPI.DLL
0x0000000064750000 - 0x000000006475f000 	C:\Program Files\Java\jre1.8.0_25\bin\verify.dll
0x0000000062590000 - 0x00000000625b8000 	C:\Program Files\Java\jre1.8.0_25\bin\java.dll
0x0000000064730000 - 0x0000000064746000 	C:\Program Files\Java\jre1.8.0_25\bin\zip.dll
0x000007fefdaf0000 - 0x000007fefe878000 	C:\Windows\system32\SHELL32.dll
0x000007fefd840000 - 0x000007fefda43000 	C:\Windows\system32\ole32.dll
0x000007fefcc60000 - 0x000007fefcc6f000 	C:\Windows\system32\profapi.dll
0x0000000180000000 - 0x0000000180051000 	C:\Users\Misabiko\git\LWJGL Game Engine\libs\native\windows\lwjgl64.dll
0x000007fee7770000 - 0x000007fee788d000 	C:\Windows\system32\OPENGL32.dll
0x000007fef1270000 - 0x000007fef129d000 	C:\Windows\system32\GLU32.dll
0x000007fee5550000 - 0x000007fee5641000 	C:\Windows\system32\DDRAW.dll
0x000007fefa580000 - 0x000007fefa588000 	C:\Windows\system32\DCIMAN32.dll
0x000007fefecf0000 - 0x000007fefeec7000 	C:\Windows\system32\SETUPAPI.dll
0x000007fefcce0000 - 0x000007fefcd16000 	C:\Windows\system32\CFGMGR32.dll
0x000007fefeed0000 - 0x000007fefefa7000 	C:\Windows\system32\OLEAUT32.dll
0x000007fefcd30000 - 0x000007fefcd4a000 	C:\Windows\system32\DEVOBJ.dll
0x000007fefadc0000 - 0x000007fefadd8000 	C:\Windows\system32\dwmapi.dll
0x000007fefbcd0000 - 0x000007fefbcdc000 	C:\Windows\system32\VERSION.dll
0x000007fefb1a0000 - 0x000007fefb1f6000 	C:\Windows\system32\uxtheme.dll
0x0000000068b50000 - 0x000000006a996000 	C:\Windows\system32\nvoglv64.DLL
0x000007fefbe60000 - 0x000007fefbe71000 	C:\Windows\system32\WTSAPI32.dll
0x000007fefcca0000 - 0x000007fefccda000 	C:\Windows\system32\WINTRUST.dll
0x000007fefce80000 - 0x000007fefcfec000 	C:\Windows\system32\CRYPT32.dll
0x000007fefcc50000 - 0x000007fefcc5f000 	C:\Windows\system32\MSASN1.dll
0x000007fefbca0000 - 0x000007fefbccd000 	C:\Windows\system32\ntmarta.dll
0x000007fefec90000 - 0x000007fefece2000 	C:\Windows\system32\WLDAP32.dll
0x000007fefc270000 - 0x000007fefc2ad000 	C:\Windows\system32\WINSTA.dll
0x000007fefcaf0000 - 0x000007fefcaff000 	C:\Windows\system32\CRYPTBASE.dll
0x000007fef9500000 - 0x000007fef959c000 	C:\Windows\system32\mscms.dll
0x000007fefcdc0000 - 0x000007fefcdde000 	C:\Windows\system32\USERENV.dll
0x000007fee5370000 - 0x000007fee53b2000 	C:\Windows\system32\icm32.dll
0x000000005ed90000 - 0x000000005ef28000 	C:\Program Files\Java\jre1.8.0_25\bin\awt.dll
0x000007fef7410000 - 0x000007fef7535000 	C:\Windows\system32\dbghelp.dll

VM Arguments:
jvm_args: -Djava.library.path=C:\Users\Misabiko\git\LWJGL Game Engine\libs\native\windows;C:\Users\Misabiko\git\LWJGL Game Engine\libs\native\windows -Dfile.encoding=Cp1252 
java_command: com.misabiko.LWJGLGameEngine.Core.Main
java_class_path (initial): C:\Users\Misabiko\git\LWJGL Game Engine\bin;C:\Users\Misabiko\git\LWJGL Game Engine\libs\lwjgl.jar;C:\Users\Misabiko\git\LWJGL Game Engine\libs\lwjgl_util.jar;C:\Users\Misabiko\git\LWJGL Game Engine\libs\PNGDecoder.jar;C:\Users\Misabiko\git\LWJGL Game Engine\libs\jbullet.jar;C:\Users\Misabiko\git\LWJGL Game Engine\libs\vecmath.jar
Launcher Type: SUN_STANDARD

Environment Variables:
JAVA_HOME=C:\Program Files (x86)\Java\jre7\
PATH=C:/Program Files/Java/jre1.8.0_25/bin/server;C:/Program Files/Java/jre1.8.0_25/bin;C:/Program Files/Java/jre1.8.0_25/lib/amd64;C:\ProgramData\Oracle\Java\javapath;C:\Program Files (x86)\NVIDIA Corporation\PhysX\Common;C:\Program Files\Common Files\Microsoft Shared\Windows Live;C:\Program Files (x86)\Common Files\Microsoft Shared\Windows Live;C:\Windows\system32;C:\Windows;C:\Windows\System32\Wbem;C:\Windows\System32\WindowsPowerShell\v1.0\;C:\Program Files\Perl\bin\;C:\Program Files\Lua\5.1;C:\Program Files\Lua\5.1\clibs;C:\Users\Misabiko\Documents\Documents\Programming\Java\Apache Ant\apache-ant-1.9.2\bin;C:\Program Files (x86)\Windows Live\Shared;C:\Program Files (x86)\QuickTime\QTSystem\;C:\Program Files (x86)\Git\bin;C:\Program Files (x86)\Git\cmd;C:\Program Files\Git\cmd;C:\Program Files\LOVE;C:\Program Files\Java\jre8\bin;C:\Program Files (x86)\MiKTeX 2.9\miktex\bin\;C:\Users\Misabiko\Documents\Documents\Programming\Java\Eclipse\eclipse;
USERNAME=Misabiko
OS=Windows_NT
PROCESSOR_IDENTIFIER=Intel64 Family 6 Model 45 Stepping 7, GenuineIntel



---------------  S Y S T E M  ---------------

OS: Windows 7 , 64 bit Build 7601 Service Pack 1

CPU:total 8 (4 cores per cpu, 2 threads per core) family 6 model 45 stepping 7, cmov, cx8, fxsr, mmx, sse, sse2, sse3, ssse3, sse4.1, sse4.2, popcnt, avx, aes, clmul, ht, tsc, tscinvbit, tscinv

Memory: 4k page, physical 8302832k(2228844k free), swap 16787544k(7409600k free)

vm_info: Java HotSpot(TM) 64-Bit Server VM (25.25-b02) for windows-amd64 JRE (1.8.0_25-b18), built on Oct  7 2014 14:25:37 by "java_re" with MS VC++ 10.0 (VS2010)

time: Sat Jan 10 20:24:25 2015
elapsed time: 0 seconds (0d 0h 0m 0s)

